[ 2017-12-06T23:53:30+08:00 ] 127.0.0.1 /wShop/index.php/Home/Brand/brand
INFO: [ app_init ] --START--
INFO: Run Behavior\BuildLiteBehavior [ RunTime:0.000012s ]
INFO: [ app_init ] --END-- [ RunTime:0.000405s ]
INFO: [ app_begin ] --START--
INFO: Run Behavior\ReadHtmlCacheBehavior [ RunTime:0.000399s ]
INFO: [ app_begin ] --END-- [ RunTime:0.000435s ]
SQL: SHOW COLUMNS FROM `wshop_brand` [ RunTime:0.0005s ]
SQL: SELECT * FROM `wshop_brand` ORDER BY brand_title asc  [ RunTime:0.0005s ]
INFO: [ view_parse ] --START--
INFO: [ template_filter ] --START--
INFO: Run Behavior\ContentReplaceBehavior [ RunTime:0.000071s ]
INFO: [ template_filter ] --END-- [ RunTime:0.000114s ]
INFO: Run Behavior\ParseTemplateBehavior [ RunTime:0.007249s ]
INFO: [ view_parse ] --END-- [ RunTime:0.007322s ]
INFO: [ view_filter ] --START--
INFO: Run Behavior\WriteHtmlCacheBehavior [ RunTime:0.000578s ]
INFO: [ view_filter ] --END-- [ RunTime:0.000636s ]
INFO: [ app_end ] --START--
INFO: Run Behavior\ShowPageTraceBehavior [ RunTime:0.000909s ]
INFO: [ app_end ] --END-- [ RunTime:0.001043s ]

[ 2017-12-06T23:53:31+08:00 ] 127.0.0.1 /wShop/index.php/Home/User/user
INFO: [ app_init ] --START--
INFO: Run Behavior\BuildLiteBehavior [ RunTime:0.000012s ]
INFO: [ app_init ] --END-- [ RunTime:0.000576s ]
INFO: [ app_begin ] --START--
INFO: Run Behavior\ReadHtmlCacheBehavior [ RunTime:0.000495s ]
INFO: [ app_begin ] --END-- [ RunTime:0.000528s ]
INFO: [ view_parse ] --START--
INFO: [ template_filter ] --START--
INFO: Run Behavior\ContentReplaceBehavior [ RunTime:0.000062s ]
INFO: [ template_filter ] --END-- [ RunTime:0.000102s ]
INFO: Run Behavior\ParseTemplateBehavior [ RunTime:0.005139s ]
INFO: [ view_parse ] --END-- [ RunTime:0.005182s ]
INFO: [ view_filter ] --START--
INFO: Run Behavior\WriteHtmlCacheBehavior [ RunTime:0.000474s ]
INFO: [ view_filter ] --END-- [ RunTime:0.000509s ]
INFO: [ app_end ] --START--
INFO: Run Behavior\ShowPageTraceBehavior [ RunTime:0.000540s ]
INFO: [ app_end ] --END-- [ RunTime:0.000574s ]

[ 2017-12-06T23:53:43+08:00 ] 127.0.0.1 /wShop/index.php/Home/User/user
INFO: [ app_init ] --START--
INFO: Run Behavior\BuildLiteBehavior [ RunTime:0.000010s ]
INFO: [ app_init ] --END-- [ RunTime:0.000422s ]
INFO: [ app_begin ] --START--
INFO: Run Behavior\ReadHtmlCacheBehavior [ RunTime:0.000414s ]
INFO: [ app_begin ] --END-- [ RunTime:0.000449s ]
INFO: [ view_parse ] --START--
INFO: [ template_filter ] --START--
INFO: Run Behavior\ContentReplaceBehavior [ RunTime:0.000065s ]
INFO: [ template_filter ] --END-- [ RunTime:0.000136s ]
INFO: Run Behavior\ParseTemplateBehavior [ RunTime:0.008442s ]
INFO: [ view_parse ] --END-- [ RunTime:0.008514s ]
INFO: [ view_filter ] --START--
INFO: Run Behavior\WriteHtmlCacheBehavior [ RunTime:0.000509s ]
INFO: [ view_filter ] --END-- [ RunTime:0.000555s ]
INFO: [ app_end ] --START--
INFO: Run Behavior\ShowPageTraceBehavior [ RunTime:0.000522s ]
INFO: [ app_end ] --END-- [ RunTime:0.000554s ]

[ 2017-12-06T23:53:44+08:00 ] 127.0.0.1 /wShop/index.php/Home/User/user
INFO: [ app_init ] --START--
INFO: Run Behavior\BuildLiteBehavior [ RunTime:0.000009s ]
INFO: [ app_init ] --END-- [ RunTime:0.000398s ]
INFO: [ app_begin ] --START--
INFO: Run Behavior\ReadHtmlCacheBehavior [ RunTime:0.000426s ]
INFO: [ app_begin ] --END-- [ RunTime:0.000460s ]
INFO: [ view_parse ] --START--
INFO: [ template_filter ] --START--
INFO: Run Behavior\ContentReplaceBehavior [ RunTime:0.000076s ]
INFO: [ template_filter ] --END-- [ RunTime:0.000136s ]
INFO: Run Behavior\ParseTemplateBehavior [ RunTime:0.005547s ]
INFO: [ view_parse ] --END-- [ RunTime:0.005616s ]
INFO: [ view_filter ] --START--
INFO: Run Behavior\WriteHtmlCacheBehavior [ RunTime:0.000548s ]
INFO: [ view_filter ] --END-- [ RunTime:0.000596s ]
INFO: [ app_end ] --START--
INFO: Run Behavior\ShowPageTraceBehavior [ RunTime:0.000849s ]
INFO: [ app_end ] --END-- [ RunTime:0.000911s ]

[ 2017-12-06T23:53:44+08:00 ] 127.0.0.1 /wShop/index.php/Home/ShopBag/shopBag
INFO: [ app_init ] --START--
INFO: Run Behavior\BuildLiteBehavior [ RunTime:0.000010s ]
INFO: [ app_init ] --END-- [ RunTime:0.000372s ]
INFO: [ app_begin ] --START--
INFO: Run Behavior\ReadHtmlCacheBehavior [ RunTime:0.000406s ]
INFO: [ app_begin ] --END-- [ RunTime:0.000436s ]
SQL: SHOW COLUMNS FROM `wshop_bag` [ RunTime:0.0006s ]
SQL: SHOW COLUMNS FROM `wshop_bag` [ RunTime:0.0004s ]
SQL: SELECT t1.*,t2.* FROM wshop_bag as t1,wshop_goods as t2 WHERE `openid` = '13914896237' AND ( t1.goods_id = t2.goods_id ) ORDER BY t1.add_time desc  [ RunTime:0.0004s ]
SQL: SHOW COLUMNS FROM `wshop_goods` [ RunTime:0.0006s ]
SQL: SELECT * FROM `wshop_goods` WHERE `goods_id` = 'e5aea1412121efa16cd86f52797cc952' LIMIT 1   [ RunTime:0.0003s ]
SQL: SELECT * FROM `wshop_bag` WHERE `bag_id` = 'c515e74563e7dc5a5ac23e3cb91973d0' LIMIT 1   [ RunTime:0.0003s ]
SQL: SELECT * FROM `wshop_goods` WHERE `goods_id` = '9f248b4d7eccfa730864f664756cf5b7' LIMIT 1   [ RunTime:0.0007s ]
SQL: SELECT * FROM `wshop_bag` WHERE `bag_id` = 'e90f374a4f5dccf3b598e1cc028bbc22' LIMIT 1   [ RunTime:0.0002s ]
SQL: SHOW COLUMNS FROM `wshop_address` [ RunTime:0.0005s ]
SQL: SELECT * FROM `wshop_address` WHERE `openid` = '13914896237' ORDER BY add_time desc  [ RunTime:0.0003s ]
INFO: [ view_parse ] --START--
INFO: [ template_filter ] --START--
INFO: Run Behavior\ContentReplaceBehavior [ RunTime:0.000158s ]
INFO: [ template_filter ] --END-- [ RunTime:0.000197s ]
INFO: Run Behavior\ParseTemplateBehavior [ RunTime:0.008264s ]
INFO: [ view_parse ] --END-- [ RunTime:0.008311s ]
INFO: [ view_filter ] --START--
INFO: Run Behavior\WriteHtmlCacheBehavior [ RunTime:0.000383s ]
INFO: [ view_filter ] --END-- [ RunTime:0.000414s ]
INFO: [ app_end ] --START--
INFO: Run Behavior\ShowPageTraceBehavior [ RunTime:0.000892s ]
INFO: [ app_end ] --END-- [ RunTime:0.000953s ]

[ 2017-12-06T23:53:45+08:00 ] 127.0.0.1 /wShop/index.php/Home/Brand/brand
INFO: [ app_init ] --START--
INFO: Run Behavior\BuildLiteBehavior [ RunTime:0.000014s ]
INFO: [ app_init ] --END-- [ RunTime:0.000451s ]
INFO: [ app_begin ] --START--
INFO: Run Behavior\ReadHtmlCacheBehavior [ RunTime:0.000465s ]
INFO: [ app_begin ] --END-- [ RunTime:0.000503s ]
SQL: SHOW COLUMNS FROM `wshop_brand` [ RunTime:0.0006s ]
SQL: SELECT * FROM `wshop_brand` ORDER BY brand_title asc  [ RunTime:0.0005s ]
INFO: [ view_parse ] --START--
INFO: [ template_filter ] --START--
INFO: Run Behavior\ContentReplaceBehavior [ RunTime:0.000069s ]
INFO: [ template_filter ] --END-- [ RunTime:0.000111s ]
INFO: Run Behavior\ParseTemplateBehavior [ RunTime:0.007684s ]
INFO: [ view_parse ] --END-- [ RunTime:0.007737s ]
INFO: [ view_filter ] --START--
INFO: Run Behavior\WriteHtmlCacheBehavior [ RunTime:0.000418s ]
INFO: [ view_filter ] --END-- [ RunTime:0.000450s ]
INFO: [ app_end ] --START--
INFO: Run Behavior\ShowPageTraceBehavior [ RunTime:0.000752s ]
INFO: [ app_end ] --END-- [ RunTime:0.000817s ]

[ 2017-12-06T23:53:45+08:00 ] 127.0.0.1 /wShop/index.php/Home/Index/index
INFO: [ app_init ] --START--
INFO: Run Behavior\BuildLiteBehavior [ RunTime:0.000010s ]
INFO: [ app_init ] --END-- [ RunTime:0.000385s ]
INFO: [ app_begin ] --START--
INFO: Run Behavior\ReadHtmlCacheBehavior [ RunTime:0.000395s ]
INFO: [ app_begin ] --END-- [ RunTime:0.000427s ]
SQL: SHOW COLUMNS FROM `wshop_nav` [ RunTime:0.0005s ]
SQL: SELECT * FROM `wshop_nav` ORDER BY sort asc  [ RunTime:0.0003s ]
SQL: SHOW COLUMNS FROM `wshop_up` [ RunTime:0.0004s ]
SQL: SHOW COLUMNS FROM `wshop_goods` [ RunTime:0.0005s ]
SQL: SHOW COLUMNS FROM `wshop_carousel` [ RunTime:0.0004s ]
SQL: SELECT * FROM `wshop_up` WHERE `nav_id` = '9ff823dc919d143c538bc83f85cd65aa'  [ RunTime:0.0002s ]
SQL: SELECT * FROM `wshop_goods` WHERE `goods_id` = '9f248b4d7eccfa730864f664756cf5b7' LIMIT 1   [ RunTime:0.0003s ]
SQL: SELECT * FROM `wshop_goods` WHERE `goods_id` = 'e5aea1412121efa16cd86f52797cc952' LIMIT 1   [ RunTime:0.0003s ]
SQL: SELECT * FROM `wshop_carousel` WHERE `nav_id` = '9ff823dc919d143c538bc83f85cd65aa' ORDER BY sort asc  [ RunTime:0.0002s ]
SQL: SELECT * FROM `wshop_up` WHERE `nav_id` = '7dc92b96e6e2bbc9423f834d2217ec9d'  [ RunTime:0.0002s ]
SQL: SELECT * FROM `wshop_goods` WHERE `goods_id` = '9f248b4d7eccfa730864f664756cf5b7' LIMIT 1   [ RunTime:0.0002s ]
SQL: SELECT * FROM `wshop_goods` WHERE `goods_id` = 'e5aea1412121efa16cd86f52797cc952' LIMIT 1   [ RunTime:0.0002s ]
SQL: SELECT * FROM `wshop_carousel` WHERE `nav_id` = '7dc92b96e6e2bbc9423f834d2217ec9d' ORDER BY sort asc  [ RunTime:0.0002s ]
SQL: SELECT * FROM `wshop_up` WHERE `nav_id` = '6cbb16ac4ae2a5b02cf48032438edfd8'  [ RunTime:0.0002s ]
SQL: SELECT * FROM `wshop_goods` WHERE `goods_id` = '9f248b4d7eccfa730864f664756cf5b7' LIMIT 1   [ RunTime:0.0003s ]
SQL: SELECT * FROM `wshop_goods` WHERE `goods_id` = 'e5aea1412121efa16cd86f52797cc952' LIMIT 1   [ RunTime:0.0002s ]
SQL: SELECT * FROM `wshop_carousel` WHERE `nav_id` = '6cbb16ac4ae2a5b02cf48032438edfd8' ORDER BY sort asc  [ RunTime:0.0002s ]
SQL: SELECT * FROM `wshop_up` WHERE `nav_id` = '3b68eabcc692c932a5e869b6d55666dc'  [ RunTime:0.0002s ]
SQL: SELECT * FROM `wshop_goods` WHERE `goods_id` = '9f248b4d7eccfa730864f664756cf5b7' LIMIT 1   [ RunTime:0.0003s ]
SQL: SELECT * FROM `wshop_goods` WHERE `goods_id` = 'e5aea1412121efa16cd86f52797cc952' LIMIT 1   [ RunTime:0.0003s ]
SQL: SELECT * FROM `wshop_carousel` WHERE `nav_id` = '3b68eabcc692c932a5e869b6d55666dc' ORDER BY sort asc  [ RunTime:0.0002s ]
SQL: SELECT * FROM `wshop_up` WHERE `nav_id` = '45ab47437e616a578130626f07373cbf'  [ RunTime:0.0002s ]
SQL: SELECT * FROM `wshop_goods` WHERE `goods_id` = '9f248b4d7eccfa730864f664756cf5b7' LIMIT 1   [ RunTime:0.0002s ]
SQL: SELECT * FROM `wshop_goods` WHERE `goods_id` = 'e5aea1412121efa16cd86f52797cc952' LIMIT 1   [ RunTime:0.0002s ]
SQL: SELECT * FROM `wshop_carousel` WHERE `nav_id` = '45ab47437e616a578130626f07373cbf' ORDER BY sort asc  [ RunTime:0.0002s ]
SQL: SELECT * FROM `wshop_up` WHERE `nav_id` = '00ad131c8293e4b8706f039072fe97dc'  [ RunTime:0.0002s ]
SQL: SELECT * FROM `wshop_goods` WHERE `goods_id` = '9f248b4d7eccfa730864f664756cf5b7' LIMIT 1   [ RunTime:0.0002s ]
SQL: SELECT * FROM `wshop_goods` WHERE `goods_id` = 'e5aea1412121efa16cd86f52797cc952' LIMIT 1   [ RunTime:0.0003s ]
SQL: SELECT * FROM `wshop_carousel` WHERE `nav_id` = '00ad131c8293e4b8706f039072fe97dc' ORDER BY sort asc  [ RunTime:0.0002s ]
SQL: SELECT * FROM `wshop_up` WHERE `nav_id` = 'c35d345cc22ef120f654d1dbfc88b4b4'  [ RunTime:0.0002s ]
SQL: SELECT * FROM `wshop_goods` WHERE `goods_id` = '9f248b4d7eccfa730864f664756cf5b7' LIMIT 1   [ RunTime:0.0002s ]
SQL: SELECT * FROM `wshop_goods` WHERE `goods_id` = 'e5aea1412121efa16cd86f52797cc952' LIMIT 1   [ RunTime:0.0002s ]
SQL: SELECT * FROM `wshop_carousel` WHERE `nav_id` = 'c35d345cc22ef120f654d1dbfc88b4b4' ORDER BY sort asc  [ RunTime:0.0002s ]
SQL: SELECT * FROM `wshop_up` WHERE `nav_id` = '841855c01258e5f2ea903dda4e96a488'  [ RunTime:0.0002s ]
SQL: SELECT * FROM `wshop_goods` WHERE `goods_id` = '9f248b4d7eccfa730864f664756cf5b7' LIMIT 1   [ RunTime:0.0002s ]
SQL: SELECT * FROM `wshop_goods` WHERE `goods_id` = 'e5aea1412121efa16cd86f52797cc952' LIMIT 1   [ RunTime:0.0002s ]
SQL: SELECT * FROM `wshop_carousel` WHERE `nav_id` = '841855c01258e5f2ea903dda4e96a488' ORDER BY sort asc  [ RunTime:0.0002s ]
INFO: [ view_parse ] --START--
INFO: [ template_filter ] --START--
INFO: Run Behavior\ContentReplaceBehavior [ RunTime:0.000089s ]
INFO: [ template_filter ] --END-- [ RunTime:0.000136s ]
INFO: Run Behavior\ParseTemplateBehavior [ RunTime:0.009403s ]
INFO: [ view_parse ] --END-- [ RunTime:0.009456s ]
INFO: [ view_filter ] --START--
INFO: Run Behavior\WriteHtmlCacheBehavior [ RunTime:0.000524s ]
INFO: [ view_filter ] --END-- [ RunTime:0.000562s ]
INFO: [ app_end ] --START--
INFO: Run Behavior\ShowPageTraceBehavior [ RunTime:0.001113s ]
INFO: [ app_end ] --END-- [ RunTime:0.001216s ]

[ 2017-12-06T23:53:47+08:00 ] 127.0.0.1 /wShop/index.php/Home/User/user
INFO: [ app_init ] --START--
INFO: Run Behavior\BuildLiteBehavior [ RunTime:0.000010s ]
INFO: [ app_init ] --END-- [ RunTime:0.000366s ]
INFO: [ app_begin ] --START--
INFO: Run Behavior\ReadHtmlCacheBehavior [ RunTime:0.000458s ]
INFO: [ app_begin ] --END-- [ RunTime:0.000492s ]
INFO: [ view_parse ] --START--
INFO: [ template_filter ] --START--
INFO: Run Behavior\ContentReplaceBehavior [ RunTime:0.000062s ]
INFO: [ template_filter ] --END-- [ RunTime:0.000106s ]
INFO: Run Behavior\ParseTemplateBehavior [ RunTime:0.007262s ]
INFO: [ view_parse ] --END-- [ RunTime:0.007314s ]
INFO: [ view_filter ] --START--
INFO: Run Behavior\WriteHtmlCacheBehavior [ RunTime:0.000407s ]
INFO: [ view_filter ] --END-- [ RunTime:0.000440s ]
INFO: [ app_end ] --START--
INFO: Run Behavior\ShowPageTraceBehavior [ RunTime:0.000542s ]
INFO: [ app_end ] --END-- [ RunTime:0.000575s ]

[ 2017-12-06T23:53:48+08:00 ] 127.0.0.1 /wShop/index.php/Home/Order/showList
INFO: [ app_init ] --START--
INFO: Run Behavior\BuildLiteBehavior [ RunTime:0.000011s ]
INFO: [ app_init ] --END-- [ RunTime:0.000434s ]
INFO: [ app_begin ] --START--
INFO: Run Behavior\ReadHtmlCacheBehavior [ RunTime:0.000573s ]
INFO: [ app_begin ] --END-- [ RunTime:0.000616s ]
SQL: SHOW COLUMNS FROM `wshop_order` [ RunTime:0.0006s ]
SQL: SHOW COLUMNS FROM `wshop_order` [ RunTime:0.0004s ]
SQL: SELECT t1.*,t2.*,t3.*,t2.info as t2_info,t3.money as goods_money,t1.money as order_money,t1.add_time as t1_add_time FROM wshop_order as t1,wshop_order_info as t2,wshop_goods as t3 WHERE ( t1.order_id = t2.order_id AND t2.goods_id = t3.goods_id ) AND `openid` = '13914896237' ORDER BY t1.state asc,t1.add_time desc  [ RunTime:0.0010s ]
INFO: [ view_parse ] --START--
INFO: [ template_filter ] --START--
INFO: Run Behavior\ContentReplaceBehavior [ RunTime:0.000122s ]
INFO: [ template_filter ] --END-- [ RunTime:0.000161s ]
INFO: Run Behavior\ParseTemplateBehavior [ RunTime:0.012003s ]
INFO: [ view_parse ] --END-- [ RunTime:0.012071s ]
INFO: [ view_filter ] --START--
INFO: Run Behavior\WriteHtmlCacheBehavior [ RunTime:0.000387s ]
INFO: [ view_filter ] --END-- [ RunTime:0.000424s ]
INFO: [ app_end ] --START--
INFO: Run Behavior\ShowPageTraceBehavior [ RunTime:0.000711s ]
INFO: [ app_end ] --END-- [ RunTime:0.000795s ]

[ 2017-12-06T23:54:06+08:00 ] 127.0.0.1 /wShop/index.php/Home/Order/showList
INFO: [ app_init ] --START--
INFO: Run Behavior\BuildLiteBehavior [ RunTime:0.000010s ]
INFO: [ app_init ] --END-- [ RunTime:0.000330s ]
INFO: [ app_begin ] --START--
INFO: Run Behavior\ReadHtmlCacheBehavior [ RunTime:0.000560s ]
INFO: [ app_begin ] --END-- [ RunTime:0.000607s ]
SQL: SHOW COLUMNS FROM `wshop_order` [ RunTime:0.0005s ]
SQL: SHOW COLUMNS FROM `wshop_order` [ RunTime:0.0004s ]
SQL: SELECT t1.*,t2.*,t3.*,t2.info as t2_info,t3.money as goods_money,t1.money as order_money,t1.add_time as t1_add_time FROM wshop_order as t1,wshop_order_info as t2,wshop_goods as t3 WHERE ( t1.order_id = t2.order_id AND t2.goods_id = t3.goods_id ) AND `openid` = '13914896237' ORDER BY t1.state asc,t1.add_time desc  [ RunTime:0.0009s ]
INFO: [ view_parse ] --START--
INFO: [ template_filter ] --START--
INFO: Run Behavior\ContentReplaceBehavior [ RunTime:0.000119s ]
INFO: [ template_filter ] --END-- [ RunTime:0.000159s ]
INFO: Run Behavior\ParseTemplateBehavior [ RunTime:0.011210s ]
INFO: [ view_parse ] --END-- [ RunTime:0.011261s ]
INFO: [ view_filter ] --START--
INFO: Run Behavior\WriteHtmlCacheBehavior [ RunTime:0.000934s ]
INFO: [ view_filter ] --END-- [ RunTime:0.001035s ]
INFO: [ app_end ] --START--
INFO: Run Behavior\ShowPageTraceBehavior [ RunTime:0.000841s ]
INFO: [ app_end ] --END-- [ RunTime:0.000913s ]

[ 2017-12-06T23:54:08+08:00 ] 127.0.0.1 /wShop/index.php/Home/User/user
INFO: [ app_init ] --START--
INFO: Run Behavior\BuildLiteBehavior [ RunTime:0.000011s ]
INFO: [ app_init ] --END-- [ RunTime:0.000445s ]
INFO: [ app_begin ] --START--
INFO: Run Behavior\ReadHtmlCacheBehavior [ RunTime:0.000462s ]
INFO: [ app_begin ] --END-- [ RunTime:0.000495s ]
INFO: [ view_parse ] --START--
INFO: [ template_filter ] --START--
INFO: Run Behavior\ContentReplaceBehavior [ RunTime:0.000059s ]
INFO: [ template_filter ] --END-- [ RunTime:0.000104s ]
INFO: Run Behavior\ParseTemplateBehavior [ RunTime:0.005685s ]
INFO: [ view_parse ] --END-- [ RunTime:0.005732s ]
INFO: [ view_filter ] --START--
INFO: Run Behavior\WriteHtmlCacheBehavior [ RunTime:0.000351s ]
INFO: [ view_filter ] --END-- [ RunTime:0.000381s ]
INFO: [ app_end ] --START--
INFO: Run Behavior\ShowPageTraceBehavior [ RunTime:0.000416s ]
INFO: [ app_end ] --END-- [ RunTime:0.000446s ]

[ 2017-12-06T23:54:09+08:00 ] 127.0.0.1 /wShop/index.php/Home/Order/showList
INFO: [ app_init ] --START--
INFO: Run Behavior\BuildLiteBehavior [ RunTime:0.000010s ]
INFO: [ app_init ] --END-- [ RunTime:0.000451s ]
INFO: [ app_begin ] --START--
INFO: Run Behavior\ReadHtmlCacheBehavior [ RunTime:0.000512s ]
INFO: [ app_begin ] --END-- [ RunTime:0.000561s ]
SQL: SHOW COLUMNS FROM `wshop_order` [ RunTime:0.0005s ]
SQL: SHOW COLUMNS FROM `wshop_order` [ RunTime:0.0004s ]
SQL: SELECT t1.*,t2.*,t3.*,t2.info as t2_info,t3.money as goods_money,t1.money as order_money,t1.add_time as t1_add_time FROM wshop_order as t1,wshop_order_info as t2,wshop_goods as t3 WHERE ( t1.order_id = t2.order_id AND t2.goods_id = t3.goods_id ) AND `openid` = '13914896237' ORDER BY t1.state asc,t1.add_time desc  [ RunTime:0.0009s ]
INFO: [ view_parse ] --START--
INFO: [ template_filter ] --START--
INFO: Run Behavior\ContentReplaceBehavior [ RunTime:0.000138s ]
INFO: [ template_filter ] --END-- [ RunTime:0.000188s ]
INFO: Run Behavior\ParseTemplateBehavior [ RunTime:0.011832s ]
INFO: [ view_parse ] --END-- [ RunTime:0.011881s ]
INFO: [ view_filter ] --START--
INFO: Run Behavior\WriteHtmlCacheBehavior [ RunTime:0.000373s ]
INFO: [ view_filter ] --END-- [ RunTime:0.000408s ]
INFO: [ app_end ] --START--
INFO: Run Behavior\ShowPageTraceBehavior [ RunTime:0.000766s ]
INFO: [ app_end ] --END-- [ RunTime:0.000827s ]

[ 2017-12-06T23:54:10+08:00 ] 127.0.0.1 /wShop/index.php/Home/User/user
INFO: [ app_init ] --START--
INFO: Run Behavior\BuildLiteBehavior [ RunTime:0.000009s ]
INFO: [ app_init ] --END-- [ RunTime:0.000417s ]
INFO: [ app_begin ] --START--
INFO: Run Behavior\ReadHtmlCacheBehavior [ RunTime:0.000486s ]
INFO: [ app_begin ] --END-- [ RunTime:0.000518s ]
INFO: [ view_parse ] --START--
INFO: [ template_filter ] --START--
INFO: Run Behavior\ContentReplaceBehavior [ RunTime:0.000061s ]
INFO: [ template_filter ] --END-- [ RunTime:0.000103s ]
INFO: Run Behavior\ParseTemplateBehavior [ RunTime:0.005629s ]
INFO: [ view_parse ] --END-- [ RunTime:0.005682s ]
INFO: [ view_filter ] --START--
INFO: Run Behavior\WriteHtmlCacheBehavior [ RunTime:0.000362s ]
INFO: [ view_filter ] --END-- [ RunTime:0.000393s ]
INFO: [ app_end ] --START--
INFO: Run Behavior\ShowPageTraceBehavior [ RunTime:0.000682s ]
INFO: [ app_end ] --END-- [ RunTime:0.000719s ]

[ 2017-12-06T23:54:12+08:00 ] 127.0.0.1 /wShop/index.php/Home/Address/showList
INFO: [ app_init ] --START--
INFO: Run Behavior\BuildLiteBehavior [ RunTime:0.000010s ]
INFO: [ app_init ] --END-- [ RunTime:0.000424s ]
INFO: [ app_begin ] --START--
INFO: Run Behavior\ReadHtmlCacheBehavior [ RunTime:0.000474s ]
INFO: [ app_begin ] --END-- [ RunTime:0.000507s ]
SQL: SHOW COLUMNS FROM `wshop_address` [ RunTime:0.0006s ]
SQL: SELECT * FROM `wshop_address` WHERE `openid` = '13914896237' ORDER BY add_time desc  [ RunTime:0.0004s ]
INFO: [ view_parse ] --START--
INFO: [ template_filter ] --START--
INFO: Run Behavior\ContentReplaceBehavior [ RunTime:0.000065s ]
INFO: [ template_filter ] --END-- [ RunTime:0.000099s ]
INFO: Run Behavior\ParseTemplateBehavior [ RunTime:0.006276s ]
INFO: [ view_parse ] --END-- [ RunTime:0.006344s ]
INFO: [ view_filter ] --START--
INFO: Run Behavior\WriteHtmlCacheBehavior [ RunTime:0.000564s ]
INFO: [ view_filter ] --END-- [ RunTime:0.000619s ]
INFO: [ app_end ] --START--
INFO: Run Behavior\ShowPageTraceBehavior [ RunTime:0.000602s ]
INFO: [ app_end ] --END-- [ RunTime:0.000640s ]

[ 2017-12-06T23:54:13+08:00 ] 127.0.0.1 /wShop/index.php/Home/Address/add
INFO: [ app_init ] --START--
INFO: Run Behavior\BuildLiteBehavior [ RunTime:0.000012s ]
INFO: [ app_init ] --END-- [ RunTime:0.000418s ]
INFO: [ app_begin ] --START--
INFO: Run Behavior\ReadHtmlCacheBehavior [ RunTime:0.000465s ]
INFO: [ app_begin ] --END-- [ RunTime:0.000499s ]
INFO: [ view_parse ] --START--
INFO: [ template_filter ] --START--
INFO: Run Behavior\ContentReplaceBehavior [ RunTime:0.000060s ]
INFO: [ template_filter ] --END-- [ RunTime:0.000110s ]
INFO: Run Behavior\ParseTemplateBehavior [ RunTime:0.004865s ]
INFO: [ view_parse ] --END-- [ RunTime:0.004911s ]
INFO: [ view_filter ] --START--
INFO: Run Behavior\WriteHtmlCacheBehavior [ RunTime:0.000360s ]
INFO: [ view_filter ] --END-- [ RunTime:0.000388s ]
INFO: [ app_end ] --START--
INFO: Run Behavior\ShowPageTraceBehavior [ RunTime:0.000508s ]
INFO: [ app_end ] --END-- [ RunTime:0.000544s ]

[ 2017-12-06T23:54:32+08:00 ] 127.0.0.1 /wShop/index.php/Home/Address/showList
INFO: [ app_init ] --START--
INFO: Run Behavior\BuildLiteBehavior [ RunTime:0.000031s ]
INFO: [ app_init ] --END-- [ RunTime:0.000536s ]
INFO: [ app_begin ] --START--
INFO: Run Behavior\ReadHtmlCacheBehavior [ RunTime:0.000442s ]
INFO: [ app_begin ] --END-- [ RunTime:0.000486s ]
SQL: SHOW COLUMNS FROM `wshop_address` [ RunTime:0.0005s ]
SQL: SELECT * FROM `wshop_address` WHERE `openid` = '13914896237' ORDER BY add_time desc  [ RunTime:0.0003s ]
INFO: [ view_parse ] --START--
INFO: [ template_filter ] --START--
INFO: Run Behavior\ContentReplaceBehavior [ RunTime:0.000077s ]
INFO: [ template_filter ] --END-- [ RunTime:0.000116s ]
INFO: Run Behavior\ParseTemplateBehavior [ RunTime:0.006156s ]
INFO: [ view_parse ] --END-- [ RunTime:0.006208s ]
INFO: [ view_filter ] --START--
INFO: Run Behavior\WriteHtmlCacheBehavior [ RunTime:0.000353s ]
INFO: [ view_filter ] --END-- [ RunTime:0.000383s ]
INFO: [ app_end ] --START--
INFO: Run Behavior\ShowPageTraceBehavior [ RunTime:0.000584s ]
INFO: [ app_end ] --END-- [ RunTime:0.000625s ]

[ 2017-12-06T23:54:33+08:00 ] 127.0.0.1 /wShop/index.php/Home/Address/add
INFO: [ app_init ] --START--
INFO: Run Behavior\BuildLiteBehavior [ RunTime:0.000010s ]
INFO: [ app_init ] --END-- [ RunTime:0.000397s ]
INFO: [ app_begin ] --START--
INFO: Run Behavior\ReadHtmlCacheBehavior [ RunTime:0.000431s ]
INFO: [ app_begin ] --END-- [ RunTime:0.000465s ]
INFO: [ view_parse ] --START--
INFO: [ template_filter ] --START--
INFO: Run Behavior\ContentReplaceBehavior [ RunTime:0.000064s ]
INFO: [ template_filter ] --END-- [ RunTime:0.000109s ]
INFO: Run Behavior\ParseTemplateBehavior [ RunTime:0.005429s ]
INFO: [ view_parse ] --END-- [ RunTime:0.005474s ]
INFO: [ view_filter ] --START--
INFO: Run Behavior\WriteHtmlCacheBehavior [ RunTime:0.000617s ]
INFO: [ view_filter ] --END-- [ RunTime:0.000657s ]
INFO: [ app_end ] --START--
INFO: Run Behavior\ShowPageTraceBehavior [ RunTime:0.000548s ]
INFO: [ app_end ] --END-- [ RunTime:0.000592s ]

[ 2017-12-06T23:54:34+08:00 ] 127.0.0.1 /wShop/index.php/Home/Address/add
INFO: [ app_init ] --START--
INFO: Run Behavior\BuildLiteBehavior [ RunTime:0.000010s ]
INFO: [ app_init ] --END-- [ RunTime:0.000316s ]
INFO: [ app_begin ] --START--
INFO: Run Behavior\ReadHtmlCacheBehavior [ RunTime:0.000576s ]
INFO: [ app_begin ] --END-- [ RunTime:0.000633s ]
INFO: [ view_parse ] --START--
INFO: [ template_filter ] --START--
INFO: Run Behavior\ContentReplaceBehavior [ RunTime:0.000065s ]
INFO: [ template_filter ] --END-- [ RunTime:0.000110s ]
INFO: Run Behavior\ParseTemplateBehavior [ RunTime:0.006224s ]
INFO: [ view_parse ] --END-- [ RunTime:0.006277s ]
INFO: [ view_filter ] --START--
INFO: Run Behavior\WriteHtmlCacheBehavior [ RunTime:0.000358s ]
INFO: [ view_filter ] --END-- [ RunTime:0.000391s ]
INFO: [ app_end ] --START--
INFO: Run Behavior\ShowPageTraceBehavior [ RunTime:0.000527s ]
INFO: [ app_end ] --END-- [ RunTime:0.000560s ]

[ 2017-12-06T23:54:46+08:00 ] 127.0.0.1 /wShop/index.php/Home/Address/add
INFO: [ app_init ] --START--
INFO: Run Behavior\BuildLiteBehavior [ RunTime:0.000011s ]
INFO: [ app_init ] --END-- [ RunTime:0.000423s ]
INFO: [ app_begin ] --START--
INFO: Run Behavior\ReadHtmlCacheBehavior [ RunTime:0.000547s ]
INFO: [ app_begin ] --END-- [ RunTime:0.000591s ]
INFO: [ view_parse ] --START--
INFO: [ template_filter ] --START--
INFO: Run Behavior\ContentReplaceBehavior [ RunTime:0.000065s ]
INFO: [ template_filter ] --END-- [ RunTime:0.000107s ]
INFO: Run Behavior\ParseTemplateBehavior [ RunTime:0.005429s ]
INFO: [ view_parse ] --END-- [ RunTime:0.005513s ]
INFO: [ view_filter ] --START--
INFO: Run Behavior\WriteHtmlCacheBehavior [ RunTime:0.000724s ]
INFO: [ view_filter ] --END-- [ RunTime:0.000889s ]
INFO: [ app_end ] --START--
INFO: Run Behavior\ShowPageTraceBehavior [ RunTime:0.001736s ]
INFO: [ app_end ] --END-- [ RunTime:0.001848s ]

[ 2017-12-06T23:54:50+08:00 ] 127.0.0.1 /wShop/index.php/Home/Address/add
INFO: [ app_init ] --START--
INFO: Run Behavior\BuildLiteBehavior [ RunTime:0.000021s ]
INFO: [ app_init ] --END-- [ RunTime:0.000662s ]
INFO: [ app_begin ] --START--
INFO: Run Behavior\ReadHtmlCacheBehavior [ RunTime:0.000517s ]
INFO: [ app_begin ] --END-- [ RunTime:0.000576s ]
INFO: [ view_parse ] --START--
INFO: [ template_filter ] --START--
INFO: Run Behavior\ContentReplaceBehavior [ RunTime:0.000071s ]
INFO: [ template_filter ] --END-- [ RunTime:0.000146s ]
INFO: Run Behavior\ParseTemplateBehavior [ RunTime:0.007429s ]
INFO: [ view_parse ] --END-- [ RunTime:0.007481s ]
INFO: [ view_filter ] --START--
INFO: Run Behavior\WriteHtmlCacheBehavior [ RunTime:0.000373s ]
INFO: [ view_filter ] --END-- [ RunTime:0.000407s ]
INFO: [ app_end ] --START--
INFO: Run Behavior\ShowPageTraceBehavior [ RunTime:0.000534s ]
INFO: [ app_end ] --END-- [ RunTime:0.000573s ]

[ 2017-12-06T23:54:59+08:00 ] 127.0.0.1 /wShop/index.php/Home/Address/add
INFO: [ app_init ] --START--
INFO: Run Behavior\BuildLiteBehavior [ RunTime:0.000011s ]
INFO: [ app_init ] --END-- [ RunTime:0.000455s ]
INFO: [ app_begin ] --START--
INFO: Run Behavior\ReadHtmlCacheBehavior [ RunTime:0.000499s ]
INFO: [ app_begin ] --END-- [ RunTime:0.000537s ]
INFO: [ view_parse ] --START--
INFO: [ template_filter ] --START--
INFO: Run Behavior\ContentReplaceBehavior [ RunTime:0.000082s ]
INFO: [ template_filter ] --END-- [ RunTime:0.000143s ]
INFO: Run Behavior\ParseTemplateBehavior [ RunTime:0.006028s ]
INFO: [ view_parse ] --END-- [ RunTime:0.006113s ]
INFO: [ view_filter ] --START--
INFO: Run Behavior\WriteHtmlCacheBehavior [ RunTime:0.001815s ]
INFO: [ view_filter ] --END-- [ RunTime:0.001974s ]
INFO: [ app_end ] --START--
INFO: Run Behavior\ShowPageTraceBehavior [ RunTime:0.001789s ]
INFO: [ app_end ] --END-- [ RunTime:0.001903s ]

[ 2017-12-06T23:55:00+08:00 ] 127.0.0.1 /wShop/index.php/Home/User/user
INFO: [ app_init ] --START--
INFO: Run Behavior\BuildLiteBehavior [ RunTime:0.000009s ]
INFO: [ app_init ] --END-- [ RunTime:0.000414s ]
INFO: [ app_begin ] --START--
INFO: Run Behavior\ReadHtmlCacheBehavior [ RunTime:0.000497s ]
INFO: [ app_begin ] --END-- [ RunTime:0.000544s ]
INFO: [ view_parse ] --START--
INFO: [ template_filter ] --START--
INFO: Run Behavior\ContentReplaceBehavior [ RunTime:0.000099s ]
INFO: [ template_filter ] --END-- [ RunTime:0.000194s ]
INFO: Run Behavior\ParseTemplateBehavior [ RunTime:0.007260s ]
INFO: [ view_parse ] --END-- [ RunTime:0.007310s ]
INFO: [ view_filter ] --START--
INFO: Run Behavior\WriteHtmlCacheBehavior [ RunTime:0.000365s ]
INFO: [ view_filter ] --END-- [ RunTime:0.000400s ]
INFO: [ app_end ] --START--
INFO: Run Behavior\ShowPageTraceBehavior [ RunTime:0.000495s ]
INFO: [ app_end ] --END-- [ RunTime:0.000525s ]

[ 2017-12-06T23:55:02+08:00 ] 127.0.0.1 /wShop/index.php/Home/Address/showList
INFO: [ app_init ] --START--
INFO: Run Behavior\BuildLiteBehavior [ RunTime:0.000011s ]
INFO: [ app_init ] --END-- [ RunTime:0.000465s ]
INFO: [ app_begin ] --START--
INFO: Run Behavior\ReadHtmlCacheBehavior [ RunTime:0.000487s ]
INFO: [ app_begin ] --END-- [ RunTime:0.000540s ]
SQL: SHOW COLUMNS FROM `wshop_address` [ RunTime:0.0005s ]
SQL: SELECT * FROM `wshop_address` WHERE `openid` = '13914896237' ORDER BY add_time desc  [ RunTime:0.0003s ]
INFO: [ view_parse ] --START--
INFO: [ template_filter ] --START--
INFO: Run Behavior\ContentReplaceBehavior [ RunTime:0.000134s ]
INFO: [ template_filter ] --END-- [ RunTime:0.000232s ]
INFO: Run Behavior\ParseTemplateBehavior [ RunTime:0.007057s ]
INFO: [ view_parse ] --END-- [ RunTime:0.007118s ]
INFO: [ view_filter ] --START--
INFO: Run Behavior\WriteHtmlCacheBehavior [ RunTime:0.000512s ]
INFO: [ view_filter ] --END-- [ RunTime:0.000548s ]
INFO: [ app_end ] --START--
INFO: Run Behavior\ShowPageTraceBehavior [ RunTime:0.000505s ]
INFO: [ app_end ] --END-- [ RunTime:0.000546s ]

[ 2017-12-06T23:55:02+08:00 ] 127.0.0.1 /wShop/index.php/Home/Address/add
INFO: [ app_init ] --START--
INFO: Run Behavior\BuildLiteBehavior [ RunTime:0.000010s ]
INFO: [ app_init ] --END-- [ RunTime:0.000410s ]
INFO: [ app_begin ] --START--
INFO: Run Behavior\ReadHtmlCacheBehavior [ RunTime:0.000504s ]
INFO: [ app_begin ] --END-- [ RunTime:0.000545s ]
INFO: [ view_parse ] --START--
INFO: [ template_filter ] --START--
INFO: Run Behavior\ContentReplaceBehavior [ RunTime:0.000113s ]
INFO: [ template_filter ] --END-- [ RunTime:0.000227s ]
INFO: Run Behavior\ParseTemplateBehavior [ RunTime:0.006476s ]
INFO: [ view_parse ] --END-- [ RunTime:0.006526s ]
INFO: [ view_filter ] --START--
INFO: Run Behavior\WriteHtmlCacheBehavior [ RunTime:0.000372s ]
INFO: [ view_filter ] --END-- [ RunTime:0.000402s ]
INFO: [ app_end ] --START--
INFO: Run Behavior\ShowPageTraceBehavior [ RunTime:0.000499s ]
INFO: [ app_end ] --END-- [ RunTime:0.000531s ]

[ 2017-12-06T23:55:09+08:00 ] 127.0.0.1 /wShop/index.php/Home/User/user
INFO: [ app_init ] --START--
INFO: Run Behavior\BuildLiteBehavior [ RunTime:0.000018s ]
INFO: [ app_init ] --END-- [ RunTime:0.000482s ]
INFO: [ app_begin ] --START--
INFO: Run Behavior\ReadHtmlCacheBehavior [ RunTime:0.000758s ]
INFO: [ app_begin ] --END-- [ RunTime:0.000817s ]
INFO: [ view_parse ] --START--
INFO: [ template_filter ] --START--
INFO: Run Behavior\ContentReplaceBehavior [ RunTime:0.000058s ]
INFO: [ template_filter ] --END-- [ RunTime:0.000094s ]
INFO: Run Behavior\ParseTemplateBehavior [ RunTime:0.005020s ]
INFO: [ view_parse ] --END-- [ RunTime:0.005065s ]
INFO: [ view_filter ] --START--
INFO: Run Behavior\WriteHtmlCacheBehavior [ RunTime:0.000464s ]
INFO: [ view_filter ] --END-- [ RunTime:0.000509s ]
INFO: [ app_end ] --START--
INFO: Run Behavior\ShowPageTraceBehavior [ RunTime:0.000649s ]
INFO: [ app_end ] --END-- [ RunTime:0.000693s ]

[ 2017-12-06T23:55:12+08:00 ] 127.0.0.1 /wShop/index.php/Home/Order/showList
INFO: [ app_init ] --START--
INFO: Run Behavior\BuildLiteBehavior [ RunTime:0.000012s ]
INFO: [ app_init ] --END-- [ RunTime:0.000417s ]
INFO: [ app_begin ] --START--
INFO: Run Behavior\ReadHtmlCacheBehavior [ RunTime:0.000412s ]
INFO: [ app_begin ] --END-- [ RunTime:0.000459s ]
SQL: SHOW COLUMNS FROM `wshop_order` [ RunTime:0.0005s ]
SQL: SHOW COLUMNS FROM `wshop_order` [ RunTime:0.0004s ]
SQL: SELECT t1.*,t2.*,t3.*,t2.info as t2_info,t3.money as goods_money,t1.money as order_money,t1.add_time as t1_add_time FROM wshop_order as t1,wshop_order_info as t2,wshop_goods as t3 WHERE ( t1.order_id = t2.order_id AND t2.goods_id = t3.goods_id ) AND `openid` = '13914896237' ORDER BY t1.state asc,t1.add_time desc  [ RunTime:0.0009s ]
INFO: [ view_parse ] --START--
INFO: [ template_filter ] --START--
INFO: Run Behavior\ContentReplaceBehavior [ RunTime:0.000135s ]
INFO: [ template_filter ] --END-- [ RunTime:0.000174s ]
INFO: Run Behavior\ParseTemplateBehavior [ RunTime:0.011253s ]
INFO: [ view_parse ] --END-- [ RunTime:0.011306s ]
INFO: [ view_filter ] --START--
INFO: Run Behavior\WriteHtmlCacheBehavior [ RunTime:0.000407s ]
INFO: [ view_filter ] --END-- [ RunTime:0.000439s ]
INFO: [ app_end ] --START--
INFO: Run Behavior\ShowPageTraceBehavior [ RunTime:0.000801s ]
INFO: [ app_end ] --END-- [ RunTime:0.000862s ]

[ 2017-12-06T23:55:16+08:00 ] 127.0.0.1 /wShop/index.php/Home/Brand/brand
INFO: [ app_init ] --START--
INFO: Run Behavior\BuildLiteBehavior [ RunTime:0.000009s ]
INFO: [ app_init ] --END-- [ RunTime:0.000427s ]
INFO: [ app_begin ] --START--
INFO: Run Behavior\ReadHtmlCacheBehavior [ RunTime:0.000399s ]
INFO: [ app_begin ] --END-- [ RunTime:0.000435s ]
SQL: SHOW COLUMNS FROM `wshop_brand` [ RunTime:0.0005s ]
SQL: SELECT * FROM `wshop_brand` ORDER BY brand_title asc  [ RunTime:0.0005s ]
INFO: [ view_parse ] --START--
INFO: [ template_filter ] --START--
INFO: Run Behavior\ContentReplaceBehavior [ RunTime:0.000073s ]
INFO: [ template_filter ] --END-- [ RunTime:0.000116s ]
INFO: Run Behavior\ParseTemplateBehavior [ RunTime:0.006661s ]
INFO: [ view_parse ] --END-- [ RunTime:0.006712s ]
INFO: [ view_filter ] --START--
INFO: Run Behavior\WriteHtmlCacheBehavior [ RunTime:0.000368s ]
INFO: [ view_filter ] --END-- [ RunTime:0.000400s ]
INFO: [ app_end ] --START--
INFO: Run Behavior\ShowPageTraceBehavior [ RunTime:0.000724s ]
INFO: [ app_end ] --END-- [ RunTime:0.000790s ]

[ 2017-12-06T23:55:17+08:00 ] 127.0.0.1 /wShop/index.php/Home/ShopBag/shopBag
INFO: [ app_init ] --START--
INFO: Run Behavior\BuildLiteBehavior [ RunTime:0.000010s ]
INFO: [ app_init ] --END-- [ RunTime:0.000373s ]
INFO: [ app_begin ] --START--
INFO: Run Behavior\ReadHtmlCacheBehavior [ RunTime:0.000398s ]
INFO: [ app_begin ] --END-- [ RunTime:0.000432s ]
SQL: SHOW COLUMNS FROM `wshop_bag` [ RunTime:0.0005s ]
SQL: SHOW COLUMNS FROM `wshop_bag` [ RunTime:0.0011s ]
SQL: SELECT t1.*,t2.* FROM wshop_bag as t1,wshop_goods as t2 WHERE `openid` = '13914896237' AND ( t1.goods_id = t2.goods_id ) ORDER BY t1.add_time desc  [ RunTime:0.0010s ]
SQL: SHOW COLUMNS FROM `wshop_goods` [ RunTime:0.0006s ]
SQL: SELECT * FROM `wshop_goods` WHERE `goods_id` = 'e5aea1412121efa16cd86f52797cc952' LIMIT 1   [ RunTime:0.0003s ]
SQL: SELECT * FROM `wshop_bag` WHERE `bag_id` = 'c515e74563e7dc5a5ac23e3cb91973d0' LIMIT 1   [ RunTime:0.0003s ]
SQL: SELECT * FROM `wshop_goods` WHERE `goods_id` = '9f248b4d7eccfa730864f664756cf5b7' LIMIT 1   [ RunTime:0.0002s ]
SQL: SELECT * FROM `wshop_bag` WHERE `bag_id` = 'e90f374a4f5dccf3b598e1cc028bbc22' LIMIT 1   [ RunTime:0.0002s ]
SQL: SHOW COLUMNS FROM `wshop_address` [ RunTime:0.0005s ]
SQL: SELECT * FROM `wshop_address` WHERE `openid` = '13914896237' ORDER BY add_time desc  [ RunTime:0.0003s ]
INFO: [ view_parse ] --START--
INFO: [ template_filter ] --START--
INFO: Run Behavior\ContentReplaceBehavior [ RunTime:0.000158s ]
INFO: [ template_filter ] --END-- [ RunTime:0.000196s ]
INFO: Run Behavior\ParseTemplateBehavior [ RunTime:0.008445s ]
INFO: [ view_parse ] --END-- [ RunTime:0.008498s ]
INFO: [ view_filter ] --START--
INFO: Run Behavior\WriteHtmlCacheBehavior [ RunTime:0.000377s ]
INFO: [ view_filter ] --END-- [ RunTime:0.000407s ]
INFO: [ app_end ] --START--
INFO: Run Behavior\ShowPageTraceBehavior [ RunTime:0.000896s ]
INFO: [ app_end ] --END-- [ RunTime:0.000968s ]

[ 2017-12-06T23:55:19+08:00 ] 127.0.0.1 /wShop/index.php/Home/Brand/brand
INFO: [ app_init ] --START--
INFO: Run Behavior\BuildLiteBehavior [ RunTime:0.000021s ]
INFO: [ app_init ] --END-- [ RunTime:0.000680s ]
INFO: [ app_begin ] --START--
INFO: Run Behavior\ReadHtmlCacheBehavior [ RunTime:0.000750s ]
INFO: [ app_begin ] --END-- [ RunTime:0.000821s ]
SQL: SHOW COLUMNS FROM `wshop_brand` [ RunTime:0.0005s ]
SQL: SELECT * FROM `wshop_brand` ORDER BY brand_title asc  [ RunTime:0.0005s ]
INFO: [ view_parse ] --START--
INFO: [ template_filter ] --START--
INFO: Run Behavior\ContentReplaceBehavior [ RunTime:0.000110s ]
INFO: [ template_filter ] --END-- [ RunTime:0.000178s ]
INFO: Run Behavior\ParseTemplateBehavior [ RunTime:0.006740s ]
INFO: [ view_parse ] --END-- [ RunTime:0.006798s ]
INFO: [ view_filter ] --START--
INFO: Run Behavior\WriteHtmlCacheBehavior [ RunTime:0.000367s ]
INFO: [ view_filter ] --END-- [ RunTime:0.000421s ]
INFO: [ app_end ] --START--
INFO: Run Behavior\ShowPageTraceBehavior [ RunTime:0.000643s ]
INFO: [ app_end ] --END-- [ RunTime:0.000687s ]

[ 2017-12-06T23:55:20+08:00 ] 127.0.0.1 /wShop/index.php/Home/Class/show/brand_id/32b4556c5e37cf50c2e21b3ae035889f
INFO: [ app_init ] --START--
INFO: Run Behavior\BuildLiteBehavior [ RunTime:0.000010s ]
INFO: [ app_init ] --END-- [ RunTime:0.000416s ]
INFO: [ app_begin ] --START--
INFO: Run Behavior\ReadHtmlCacheBehavior [ RunTime:0.000470s ]
INFO: [ app_begin ] --END-- [ RunTime:0.000502s ]
NOTIC: [2048] Declaration of Home\Controller\ClassController::show() should be compatible with Think\Controller::show($content, $charset = '', $contentType = '', $prefix = '') D:\database\Project\working\company\wShop\App\Home\Controller\ClassController.class.php 第 77 行.
SQL: SHOW COLUMNS FROM `wshop_goods` [ RunTime:0.0006s ]
SQL: SELECT * FROM `wshop_goods` WHERE `brand_id` = '32b4556c5e37cf50c2e21b3ae035889f' AND `is_show` = 1  [ RunTime:0.0004s ]
SQL: SHOW COLUMNS FROM `wshop_class` [ RunTime:0.0005s ]
SQL: SELECT * FROM `wshop_class` WHERE `brand_id` = '32b4556c5e37cf50c2e21b3ae035889f' AND `level` = 1  [ RunTime:0.0003s ]
SQL: SELECT * FROM `wshop_class` WHERE `brand_id` = '32b4556c5e37cf50c2e21b3ae035889f' AND `level` = 2  [ RunTime:0.0002s ]
INFO: [ view_parse ] --START--
INFO: [ template_filter ] --START--
INFO: Run Behavior\ContentReplaceBehavior [ RunTime:0.000107s ]
INFO: [ template_filter ] --END-- [ RunTime:0.000155s ]
INFO: Run Behavior\ParseTemplateBehavior [ RunTime:0.009274s ]
INFO: [ view_parse ] --END-- [ RunTime:0.009344s ]
INFO: [ view_filter ] --START--
INFO: Run Behavior\WriteHtmlCacheBehavior [ RunTime:0.000643s ]
INFO: [ view_filter ] --END-- [ RunTime:0.000700s ]
INFO: [ app_end ] --START--
INFO: Run Behavior\ShowPageTraceBehavior [ RunTime:0.001453s ]
INFO: [ app_end ] --END-- [ RunTime:0.001529s ]

[ 2017-12-06T23:55:23+08:00 ] 127.0.0.1 /wShop/index.php/Home/Index/index
INFO: [ app_init ] --START--
INFO: Run Behavior\BuildLiteBehavior [ RunTime:0.000011s ]
INFO: [ app_init ] --END-- [ RunTime:0.000400s ]
INFO: [ app_begin ] --START--
INFO: Run Behavior\ReadHtmlCacheBehavior [ RunTime:0.000535s ]
INFO: [ app_begin ] --END-- [ RunTime:0.000574s ]
SQL: SHOW COLUMNS FROM `wshop_nav` [ RunTime:0.0005s ]
SQL: SELECT * FROM `wshop_nav` ORDER BY sort asc  [ RunTime:0.0003s ]
SQL: SHOW COLUMNS FROM `wshop_up` [ RunTime:0.0004s ]
SQL: SHOW COLUMNS FROM `wshop_goods` [ RunTime:0.0004s ]
SQL: SHOW COLUMNS FROM `wshop_carousel` [ RunTime:0.0004s ]
SQL: SELECT * FROM `wshop_up` WHERE `nav_id` = '9ff823dc919d143c538bc83f85cd65aa'  [ RunTime:0.0003s ]
SQL: SELECT * FROM `wshop_goods` WHERE `goods_id` = '9f248b4d7eccfa730864f664756cf5b7' LIMIT 1   [ RunTime:0.0003s ]
SQL: SELECT * FROM `wshop_goods` WHERE `goods_id` = 'e5aea1412121efa16cd86f52797cc952' LIMIT 1   [ RunTime:0.0002s ]
SQL: SELECT * FROM `wshop_carousel` WHERE `nav_id` = '9ff823dc919d143c538bc83f85cd65aa' ORDER BY sort asc  [ RunTime:0.0002s ]
SQL: SELECT * FROM `wshop_up` WHERE `nav_id` = '7dc92b96e6e2bbc9423f834d2217ec9d'  [ RunTime:0.0002s ]
SQL: SELECT * FROM `wshop_goods` WHERE `goods_id` = '9f248b4d7eccfa730864f664756cf5b7' LIMIT 1   [ RunTime:0.0002s ]
SQL: SELECT * FROM `wshop_goods` WHERE `goods_id` = 'e5aea1412121efa16cd86f52797cc952' LIMIT 1   [ RunTime:0.0002s ]
SQL: SELECT * FROM `wshop_carousel` WHERE `nav_id` = '7dc92b96e6e2bbc9423f834d2217ec9d' ORDER BY sort asc  [ RunTime:0.0002s ]
SQL: SELECT * FROM `wshop_up` WHERE `nav_id` = '6cbb16ac4ae2a5b02cf48032438edfd8'  [ RunTime:0.0002s ]
SQL: SELECT * FROM `wshop_goods` WHERE `goods_id` = '9f248b4d7eccfa730864f664756cf5b7' LIMIT 1   [ RunTime:0.0004s ]
SQL: SELECT * FROM `wshop_goods` WHERE `goods_id` = 'e5aea1412121efa16cd86f52797cc952' LIMIT 1   [ RunTime:0.0003s ]
SQL: SELECT * FROM `wshop_carousel` WHERE `nav_id` = '6cbb16ac4ae2a5b02cf48032438edfd8' ORDER BY sort asc  [ RunTime:0.0007s ]
SQL: SELECT * FROM `wshop_up` WHERE `nav_id` = '3b68eabcc692c932a5e869b6d55666dc'  [ RunTime:0.0004s ]
SQL: SELECT * FROM `wshop_goods` WHERE `goods_id` = '9f248b4d7eccfa730864f664756cf5b7' LIMIT 1   [ RunTime:0.0003s ]
SQL: SELECT * FROM `wshop_goods` WHERE `goods_id` = 'e5aea1412121efa16cd86f52797cc952' LIMIT 1   [ RunTime:0.0002s ]
SQL: SELECT * FROM `wshop_carousel` WHERE `nav_id` = '3b68eabcc692c932a5e869b6d55666dc' ORDER BY sort asc  [ RunTime:0.0002s ]
SQL: SELECT * FROM `wshop_up` WHERE `nav_id` = '45ab47437e616a578130626f07373cbf'  [ RunTime:0.0002s ]
SQL: SELECT * FROM `wshop_goods` WHERE `goods_id` = '9f248b4d7eccfa730864f664756cf5b7' LIMIT 1   [ RunTime:0.0002s ]
SQL: SELECT * FROM `wshop_goods` WHERE `goods_id` = 'e5aea1412121efa16cd86f52797cc952' LIMIT 1   [ RunTime:0.0003s ]
SQL: SELECT * FROM `wshop_carousel` WHERE `nav_id` = '45ab47437e616a578130626f07373cbf' ORDER BY sort asc  [ RunTime:0.0002s ]
SQL: SELECT * FROM `wshop_up` WHERE `nav_id` = '00ad131c8293e4b8706f039072fe97dc'  [ RunTime:0.0002s ]
SQL: SELECT * FROM `wshop_goods` WHERE `goods_id` = '9f248b4d7eccfa730864f664756cf5b7' LIMIT 1   [ RunTime:0.0002s ]
SQL: SELECT * FROM `wshop_goods` WHERE `goods_id` = 'e5aea1412121efa16cd86f52797cc952' LIMIT 1   [ RunTime:0.0002s ]
SQL: SELECT * FROM `wshop_carousel` WHERE `nav_id` = '00ad131c8293e4b8706f039072fe97dc' ORDER BY sort asc  [ RunTime:0.0002s ]
SQL: SELECT * FROM `wshop_up` WHERE `nav_id` = 'c35d345cc22ef120f654d1dbfc88b4b4'  [ RunTime:0.0002s ]
SQL: SELECT * FROM `wshop_goods` WHERE `goods_id` = '9f248b4d7eccfa730864f664756cf5b7' LIMIT 1   [ RunTime:0.0002s ]
SQL: SELECT * FROM `wshop_goods` WHERE `goods_id` = 'e5aea1412121efa16cd86f52797cc952' LIMIT 1   [ RunTime:0.0002s ]
SQL: SELECT * FROM `wshop_carousel` WHERE `nav_id` = 'c35d345cc22ef120f654d1dbfc88b4b4' ORDER BY sort asc  [ RunTime:0.0002s ]
SQL: SELECT * FROM `wshop_up` WHERE `nav_id` = '841855c01258e5f2ea903dda4e96a488'  [ RunTime:0.0002s ]
SQL: SELECT * FROM `wshop_goods` WHERE `goods_id` = '9f248b4d7eccfa730864f664756cf5b7' LIMIT 1   [ RunTime:0.0002s ]
SQL: SELECT * FROM `wshop_goods` WHERE `goods_id` = 'e5aea1412121efa16cd86f52797cc952' LIMIT 1   [ RunTime:0.0002s ]
SQL: SELECT * FROM `wshop_carousel` WHERE `nav_id` = '841855c01258e5f2ea903dda4e96a488' ORDER BY sort asc  [ RunTime:0.0003s ]
INFO: [ view_parse ] --START--
INFO: [ template_filter ] --START--
INFO: Run Behavior\ContentReplaceBehavior [ RunTime:0.000085s ]
INFO: [ template_filter ] --END-- [ RunTime:0.000123s ]
INFO: Run Behavior\ParseTemplateBehavior [ RunTime:0.009105s ]
INFO: [ view_parse ] --END-- [ RunTime:0.009218s ]
INFO: [ view_filter ] --START--
INFO: Run Behavior\WriteHtmlCacheBehavior [ RunTime:0.000559s ]
INFO: [ view_filter ] --END-- [ RunTime:0.000595s ]
INFO: [ app_end ] --START--
INFO: Run Behavior\ShowPageTraceBehavior [ RunTime:0.000809s ]
INFO: [ app_end ] --END-- [ RunTime:0.000875s ]

[ 2017-12-06T23:55:24+08:00 ] 127.0.0.1 /wShop/index.php/Home/Brand/brand
INFO: [ app_init ] --START--
INFO: Run Behavior\BuildLiteBehavior [ RunTime:0.000010s ]
INFO: [ app_init ] --END-- [ RunTime:0.000403s ]
INFO: [ app_begin ] --START--
INFO: Run Behavior\ReadHtmlCacheBehavior [ RunTime:0.000540s ]
INFO: [ app_begin ] --END-- [ RunTime:0.000576s ]
SQL: SHOW COLUMNS FROM `wshop_brand` [ RunTime:0.0014s ]
SQL: SELECT * FROM `wshop_brand` ORDER BY brand_title asc  [ RunTime:0.0009s ]
INFO: [ view_parse ] --START--
INFO: [ template_filter ] --START--
INFO: Run Behavior\ContentReplaceBehavior [ RunTime:0.000073s ]
INFO: [ template_filter ] --END-- [ RunTime:0.000128s ]
INFO: Run Behavior\ParseTemplateBehavior [ RunTime:0.006364s ]
INFO: [ view_parse ] --END-- [ RunTime:0.006411s ]
INFO: [ view_filter ] --START--
INFO: Run Behavior\WriteHtmlCacheBehavior [ RunTime:0.000361s ]
INFO: [ view_filter ] --END-- [ RunTime:0.000392s ]
INFO: [ app_end ] --START--
INFO: Run Behavior\ShowPageTraceBehavior [ RunTime:0.000901s ]
INFO: [ app_end ] --END-- [ RunTime:0.000966s ]

[ 2017-12-06T23:55:25+08:00 ] 127.0.0.1 /wShop/index.php/Home/Index/index
INFO: [ app_init ] --START--
INFO: Run Behavior\BuildLiteBehavior [ RunTime:0.000011s ]
INFO: [ app_init ] --END-- [ RunTime:0.000512s ]
INFO: [ app_begin ] --START--
INFO: Run Behavior\ReadHtmlCacheBehavior [ RunTime:0.000471s ]
INFO: [ app_begin ] --END-- [ RunTime:0.000506s ]
SQL: SHOW COLUMNS FROM `wshop_nav` [ RunTime:0.0005s ]
SQL: SELECT * FROM `wshop_nav` ORDER BY sort asc  [ RunTime:0.0003s ]
SQL: SHOW COLUMNS FROM `wshop_up` [ RunTime:0.0004s ]
SQL: SHOW COLUMNS FROM `wshop_goods` [ RunTime:0.0005s ]
SQL: SHOW COLUMNS FROM `wshop_carousel` [ RunTime:0.0005s ]
SQL: SELECT * FROM `wshop_up` WHERE `nav_id` = '9ff823dc919d143c538bc83f85cd65aa'  [ RunTime:0.0003s ]
SQL: SELECT * FROM `wshop_goods` WHERE `goods_id` = '9f248b4d7eccfa730864f664756cf5b7' LIMIT 1   [ RunTime:0.0003s ]
SQL: SELECT * FROM `wshop_goods` WHERE `goods_id` = 'e5aea1412121efa16cd86f52797cc952' LIMIT 1   [ RunTime:0.0002s ]
SQL: SELECT * FROM `wshop_carousel` WHERE `nav_id` = '9ff823dc919d143c538bc83f85cd65aa' ORDER BY sort asc  [ RunTime:0.0002s ]
SQL: SELECT * FROM `wshop_up` WHERE `nav_id` = '7dc92b96e6e2bbc9423f834d2217ec9d'  [ RunTime:0.0002s ]
SQL: SELECT * FROM `wshop_goods` WHERE `goods_id` = '9f248b4d7eccfa730864f664756cf5b7' LIMIT 1   [ RunTime:0.0003s ]
SQL: SELECT * FROM `wshop_goods` WHERE `goods_id` = 'e5aea1412121efa16cd86f52797cc952' LIMIT 1   [ RunTime:0.0003s ]
SQL: SELECT * FROM `wshop_carousel` WHERE `nav_id` = '7dc92b96e6e2bbc9423f834d2217ec9d' ORDER BY sort asc  [ RunTime:0.0003s ]
SQL: SELECT * FROM `wshop_up` WHERE `nav_id` = '6cbb16ac4ae2a5b02cf48032438edfd8'  [ RunTime:0.0002s ]
SQL: SELECT * FROM `wshop_goods` WHERE `goods_id` = '9f248b4d7eccfa730864f664756cf5b7' LIMIT 1   [ RunTime:0.0002s ]
SQL: SELECT * FROM `wshop_goods` WHERE `goods_id` = 'e5aea1412121efa16cd86f52797cc952' LIMIT 1   [ RunTime:0.0002s ]
SQL: SELECT * FROM `wshop_carousel` WHERE `nav_id` = '6cbb16ac4ae2a5b02cf48032438edfd8' ORDER BY sort asc  [ RunTime:0.0002s ]
SQL: SELECT * FROM `wshop_up` WHERE `nav_id` = '3b68eabcc692c932a5e869b6d55666dc'  [ RunTime:0.0002s ]
SQL: SELECT * FROM `wshop_goods` WHERE `goods_id` = '9f248b4d7eccfa730864f664756cf5b7' LIMIT 1   [ RunTime:0.0002s ]
SQL: SELECT * FROM `wshop_goods` WHERE `goods_id` = 'e5aea1412121efa16cd86f52797cc952' LIMIT 1   [ RunTime:0.0003s ]
SQL: SELECT * FROM `wshop_carousel` WHERE `nav_id` = '3b68eabcc692c932a5e869b6d55666dc' ORDER BY sort asc  [ RunTime:0.0002s ]
SQL: SELECT * FROM `wshop_up` WHERE `nav_id` = '45ab47437e616a578130626f07373cbf'  [ RunTime:0.0002s ]
SQL: SELECT * FROM `wshop_goods` WHERE `goods_id` = '9f248b4d7eccfa730864f664756cf5b7' LIMIT 1   [ RunTime:0.0002s ]
SQL: SELECT * FROM `wshop_goods` WHERE `goods_id` = 'e5aea1412121efa16cd86f52797cc952' LIMIT 1   [ RunTime:0.0003s ]
SQL: SELECT * FROM `wshop_carousel` WHERE `nav_id` = '45ab47437e616a578130626f07373cbf' ORDER BY sort asc  [ RunTime:0.0003s ]
SQL: SELECT * FROM `wshop_up` WHERE `nav_id` = '00ad131c8293e4b8706f039072fe97dc'  [ RunTime:0.0002s ]
SQL: SELECT * FROM `wshop_goods` WHERE `goods_id` = '9f248b4d7eccfa730864f664756cf5b7' LIMIT 1   [ RunTime:0.0003s ]
SQL: SELECT * FROM `wshop_goods` WHERE `goods_id` = 'e5aea1412121efa16cd86f52797cc952' LIMIT 1   [ RunTime:0.0003s ]
SQL: SELECT * FROM `wshop_carousel` WHERE `nav_id` = '00ad131c8293e4b8706f039072fe97dc' ORDER BY sort asc  [ RunTime:0.0002s ]
SQL: SELECT * FROM `wshop_up` WHERE `nav_id` = 'c35d345cc22ef120f654d1dbfc88b4b4'  [ RunTime:0.0002s ]
SQL: SELECT * FROM `wshop_goods` WHERE `goods_id` = '9f248b4d7eccfa730864f664756cf5b7' LIMIT 1   [ RunTime:0.0002s ]
SQL: SELECT * FROM `wshop_goods` WHERE `goods_id` = 'e5aea1412121efa16cd86f52797cc952' LIMIT 1   [ RunTime:0.0002s ]
SQL: SELECT * FROM `wshop_carousel` WHERE `nav_id` = 'c35d345cc22ef120f654d1dbfc88b4b4' ORDER BY sort asc  [ RunTime:0.0002s ]
SQL: SELECT * FROM `wshop_up` WHERE `nav_id` = '841855c01258e5f2ea903dda4e96a488'  [ RunTime:0.0002s ]
SQL: SELECT * FROM `wshop_goods` WHERE `goods_id` = '9f248b4d7eccfa730864f664756cf5b7' LIMIT 1   [ RunTime:0.0002s ]
SQL: SELECT * FROM `wshop_goods` WHERE `goods_id` = 'e5aea1412121efa16cd86f52797cc952' LIMIT 1   [ RunTime:0.0003s ]
SQL: SELECT * FROM `wshop_carousel` WHERE `nav_id` = '841855c01258e5f2ea903dda4e96a488' ORDER BY sort asc  [ RunTime:0.0002s ]
INFO: [ view_parse ] --START--
INFO: [ template_filter ] --START--
INFO: Run Behavior\ContentReplaceBehavior [ RunTime:0.000091s ]
INFO: [ template_filter ] --END-- [ RunTime:0.000144s ]
INFO: Run Behavior\ParseTemplateBehavior [ RunTime:0.009474s ]
INFO: [ view_parse ] --END-- [ RunTime:0.009535s ]
INFO: [ view_filter ] --START--
INFO: Run Behavior\WriteHtmlCacheBehavior [ RunTime:0.000518s ]
INFO: [ view_filter ] --END-- [ RunTime:0.000563s ]
INFO: [ app_end ] --START--
INFO: Run Behavior\ShowPageTraceBehavior [ RunTime:0.000643s ]
INFO: [ app_end ] --END-- [ RunTime:0.000698s ]

[ 2017-12-06T23:55:26+08:00 ] 127.0.0.1 /wShop/index.php/Home/goodsInfo/goodsInfo/goods_id/9f248b4d7eccfa730864f664756cf5b7
INFO: [ app_init ] --START--
INFO: Run Behavior\BuildLiteBehavior [ RunTime:0.000010s ]
INFO: [ app_init ] --END-- [ RunTime:0.000398s ]
INFO: [ app_begin ] --START--
INFO: Run Behavior\ReadHtmlCacheBehavior [ RunTime:0.000444s ]
INFO: [ app_begin ] --END-- [ RunTime:0.000477s ]
SQL: SHOW COLUMNS FROM `wshop_goods` [ RunTime:0.0006s ]
SQL: SELECT * FROM `wshop_goods` WHERE `goods_id` = '9f248b4d7eccfa730864f664756cf5b7' LIMIT 1   [ RunTime:0.0004s ]
INFO: [ view_parse ] --START--
INFO: [ template_filter ] --START--
INFO: Run Behavior\ContentReplaceBehavior [ RunTime:0.000099s ]
INFO: [ template_filter ] --END-- [ RunTime:0.000141s ]
INFO: Run Behavior\ParseTemplateBehavior [ RunTime:0.007160s ]
INFO: [ view_parse ] --END-- [ RunTime:0.007205s ]
INFO: [ view_filter ] --START--
INFO: Run Behavior\WriteHtmlCacheBehavior [ RunTime:0.000388s ]
INFO: [ view_filter ] --END-- [ RunTime:0.000420s ]
INFO: [ app_end ] --START--
INFO: Run Behavior\ShowPageTraceBehavior [ RunTime:0.000503s ]
INFO: [ app_end ] --END-- [ RunTime:0.000532s ]

[ 2017-12-06T23:55:32+08:00 ] 127.0.0.1 /wShop/index.php/Home/Index/index
INFO: [ app_init ] --START--
INFO: Run Behavior\BuildLiteBehavior [ RunTime:0.000013s ]
INFO: [ app_init ] --END-- [ RunTime:0.000633s ]
INFO: [ app_begin ] --START--
INFO: Run Behavior\ReadHtmlCacheBehavior [ RunTime:0.000494s ]
INFO: [ app_begin ] --END-- [ RunTime:0.000545s ]
SQL: SHOW COLUMNS FROM `wshop_nav` [ RunTime:0.0006s ]
SQL: SELECT * FROM `wshop_nav` ORDER BY sort asc  [ RunTime:0.0003s ]
SQL: SHOW COLUMNS FROM `wshop_up` [ RunTime:0.0004s ]
SQL: SHOW COLUMNS FROM `wshop_goods` [ RunTime:0.0005s ]
SQL: SHOW COLUMNS FROM `wshop_carousel` [ RunTime:0.0004s ]
SQL: SELECT * FROM `wshop_up` WHERE `nav_id` = '9ff823dc919d143c538bc83f85cd65aa'  [ RunTime:0.0003s ]
SQL: SELECT * FROM `wshop_goods` WHERE `goods_id` = '9f248b4d7eccfa730864f664756cf5b7' LIMIT 1   [ RunTime:0.0003s ]
SQL: SELECT * FROM `wshop_goods` WHERE `goods_id` = 'e5aea1412121efa16cd86f52797cc952' LIMIT 1   [ RunTime:0.0003s ]
SQL: SELECT * FROM `wshop_carousel` WHERE `nav_id` = '9ff823dc919d143c538bc83f85cd65aa' ORDER BY sort asc  [ RunTime:0.0003s ]
SQL: SELECT * FROM `wshop_up` WHERE `nav_id` = '7dc92b96e6e2bbc9423f834d2217ec9d'  [ RunTime:0.0002s ]
SQL: SELECT * FROM `wshop_goods` WHERE `goods_id` = '9f248b4d7eccfa730864f664756cf5b7' LIMIT 1   [ RunTime:0.0003s ]
SQL: SELECT * FROM `wshop_goods` WHERE `goods_id` = 'e5aea1412121efa16cd86f52797cc952' LIMIT 1   [ RunTime:0.0003s ]
SQL: SELECT * FROM `wshop_carousel` WHERE `nav_id` = '7dc92b96e6e2bbc9423f834d2217ec9d' ORDER BY sort asc  [ RunTime:0.0002s ]
SQL: SELECT * FROM `wshop_up` WHERE `nav_id` = '6cbb16ac4ae2a5b02cf48032438edfd8'  [ RunTime:0.0003s ]
SQL: SELECT * FROM `wshop_goods` WHERE `goods_id` = '9f248b4d7eccfa730864f664756cf5b7' LIMIT 1   [ RunTime:0.0003s ]
SQL: SELECT * FROM `wshop_goods` WHERE `goods_id` = 'e5aea1412121efa16cd86f52797cc952' LIMIT 1   [ RunTime:0.0003s ]
SQL: SELECT * FROM `wshop_carousel` WHERE `nav_id` = '6cbb16ac4ae2a5b02cf48032438edfd8' ORDER BY sort asc  [ RunTime:0.0003s ]
SQL: SELECT * FROM `wshop_up` WHERE `nav_id` = '3b68eabcc692c932a5e869b6d55666dc'  [ RunTime:0.0002s ]
SQL: SELECT * FROM `wshop_goods` WHERE `goods_id` = '9f248b4d7eccfa730864f664756cf5b7' LIMIT 1   [ RunTime:0.0002s ]
SQL: SELECT * FROM `wshop_goods` WHERE `goods_id` = 'e5aea1412121efa16cd86f52797cc952' LIMIT 1   [ RunTime:0.0002s ]
SQL: SELECT * FROM `wshop_carousel` WHERE `nav_id` = '3b68eabcc692c932a5e869b6d55666dc' ORDER BY sort asc  [ RunTime:0.0005s ]
SQL: SELECT * FROM `wshop_up` WHERE `nav_id` = '45ab47437e616a578130626f07373cbf'  [ RunTime:0.0005s ]
SQL: SELECT * FROM `wshop_goods` WHERE `goods_id` = '9f248b4d7eccfa730864f664756cf5b7' LIMIT 1   [ RunTime:0.0003s ]
SQL: SELECT * FROM `wshop_goods` WHERE `goods_id` = 'e5aea1412121efa16cd86f52797cc952' LIMIT 1   [ RunTime:0.0002s ]
SQL: SELECT * FROM `wshop_carousel` WHERE `nav_id` = '45ab47437e616a578130626f07373cbf' ORDER BY sort asc  [ RunTime:0.0002s ]
SQL: SELECT * FROM `wshop_up` WHERE `nav_id` = '00ad131c8293e4b8706f039072fe97dc'  [ RunTime:0.0002s ]
SQL: SELECT * FROM `wshop_goods` WHERE `goods_id` = '9f248b4d7eccfa730864f664756cf5b7' LIMIT 1   [ RunTime:0.0002s ]
SQL: SELECT * FROM `wshop_goods` WHERE `goods_id` = 'e5aea1412121efa16cd86f52797cc952' LIMIT 1   [ RunTime:0.0003s ]
SQL: SELECT * FROM `wshop_carousel` WHERE `nav_id` = '00ad131c8293e4b8706f039072fe97dc' ORDER BY sort asc  [ RunTime:0.0002s ]
SQL: SELECT * FROM `wshop_up` WHERE `nav_id` = 'c35d345cc22ef120f654d1dbfc88b4b4'  [ RunTime:0.0002s ]
SQL: SELECT * FROM `wshop_goods` WHERE `goods_id` = '9f248b4d7eccfa730864f664756cf5b7' LIMIT 1   [ RunTime:0.0002s ]
SQL: SELECT * FROM `wshop_goods` WHERE `goods_id` = 'e5aea1412121efa16cd86f52797cc952' LIMIT 1   [ RunTime:0.0002s ]
SQL: SELECT * FROM `wshop_carousel` WHERE `nav_id` = 'c35d345cc22ef120f654d1dbfc88b4b4' ORDER BY sort asc  [ RunTime:0.0002s ]
SQL: SELECT * FROM `wshop_up` WHERE `nav_id` = '841855c01258e5f2ea903dda4e96a488'  [ RunTime:0.0002s ]
SQL: SELECT * FROM `wshop_goods` WHERE `goods_id` = '9f248b4d7eccfa730864f664756cf5b7' LIMIT 1   [ RunTime:0.0003s ]
SQL: SELECT * FROM `wshop_goods` WHERE `goods_id` = 'e5aea1412121efa16cd86f52797cc952' LIMIT 1   [ RunTime:0.0003s ]
SQL: SELECT * FROM `wshop_carousel` WHERE `nav_id` = '841855c01258e5f2ea903dda4e96a488' ORDER BY sort asc  [ RunTime:0.0002s ]
INFO: [ view_parse ] --START--
INFO: [ template_filter ] --START--
INFO: Run Behavior\ContentReplaceBehavior [ RunTime:0.000087s ]
INFO: [ template_filter ] --END-- [ RunTime:0.000125s ]
INFO: Run Behavior\ParseTemplateBehavior [ RunTime:0.009193s ]
INFO: [ view_parse ] --END-- [ RunTime:0.009258s ]
INFO: [ view_filter ] --START--
INFO: Run Behavior\WriteHtmlCacheBehavior [ RunTime:0.000552s ]
INFO: [ view_filter ] --END-- [ RunTime:0.000594s ]
INFO: [ app_end ] --START--
INFO: Run Behavior\ShowPageTraceBehavior [ RunTime:0.000936s ]
INFO: [ app_end ] --END-- [ RunTime:0.001004s ]

[ 2017-12-06T23:55:33+08:00 ] 127.0.0.1 /wShop/index.php/Home/Brand/brand
INFO: [ app_init ] --START--
INFO: Run Behavior\BuildLiteBehavior [ RunTime:0.000027s ]
INFO: [ app_init ] --END-- [ RunTime:0.000461s ]
INFO: [ app_begin ] --START--
INFO: Run Behavior\ReadHtmlCacheBehavior [ RunTime:0.000514s ]
INFO: [ app_begin ] --END-- [ RunTime:0.000577s ]
SQL: SHOW COLUMNS FROM `wshop_brand` [ RunTime:0.0005s ]
SQL: SELECT * FROM `wshop_brand` ORDER BY brand_title asc  [ RunTime:0.0005s ]
INFO: [ view_parse ] --START--
INFO: [ template_filter ] --START--
INFO: Run Behavior\ContentReplaceBehavior [ RunTime:0.000090s ]
INFO: [ template_filter ] --END-- [ RunTime:0.000182s ]
INFO: Run Behavior\ParseTemplateBehavior [ RunTime:0.006545s ]
INFO: [ view_parse ] --END-- [ RunTime:0.006629s ]
INFO: [ view_filter ] --START--
INFO: Run Behavior\WriteHtmlCacheBehavior [ RunTime:0.000659s ]
INFO: [ view_filter ] --END-- [ RunTime:0.000724s ]
INFO: [ app_end ] --START--
INFO: Run Behavior\ShowPageTraceBehavior [ RunTime:0.002018s ]
INFO: [ app_end ] --END-- [ RunTime:0.002202s ]

[ 2017-12-06T23:55:34+08:00 ] 127.0.0.1 /wShop/index.php/Home/ShopBag/shopBag
INFO: [ app_init ] --START--
INFO: Run Behavior\BuildLiteBehavior [ RunTime:0.000020s ]
INFO: [ app_init ] --END-- [ RunTime:0.000421s ]
INFO: [ app_begin ] --START--
INFO: Run Behavior\ReadHtmlCacheBehavior [ RunTime:0.000515s ]
INFO: [ app_begin ] --END-- [ RunTime:0.000567s ]
SQL: SHOW COLUMNS FROM `wshop_bag` [ RunTime:0.0005s ]
SQL: SHOW COLUMNS FROM `wshop_bag` [ RunTime:0.0004s ]
SQL: SELECT t1.*,t2.* FROM wshop_bag as t1,wshop_goods as t2 WHERE `openid` = '13914896237' AND ( t1.goods_id = t2.goods_id ) ORDER BY t1.add_time desc  [ RunTime:0.0005s ]
SQL: SHOW COLUMNS FROM `wshop_goods` [ RunTime:0.0005s ]
SQL: SELECT * FROM `wshop_goods` WHERE `goods_id` = 'e5aea1412121efa16cd86f52797cc952' LIMIT 1   [ RunTime:0.0003s ]
SQL: SELECT * FROM `wshop_bag` WHERE `bag_id` = 'c515e74563e7dc5a5ac23e3cb91973d0' LIMIT 1   [ RunTime:0.0003s ]
SQL: SELECT * FROM `wshop_goods` WHERE `goods_id` = '9f248b4d7eccfa730864f664756cf5b7' LIMIT 1   [ RunTime:0.0002s ]
SQL: SELECT * FROM `wshop_bag` WHERE `bag_id` = 'e90f374a4f5dccf3b598e1cc028bbc22' LIMIT 1   [ RunTime:0.0002s ]
SQL: SHOW COLUMNS FROM `wshop_address` [ RunTime:0.0005s ]
SQL: SELECT * FROM `wshop_address` WHERE `openid` = '13914896237' ORDER BY add_time desc  [ RunTime:0.0003s ]
INFO: [ view_parse ] --START--
INFO: [ template_filter ] --START--
INFO: Run Behavior\ContentReplaceBehavior [ RunTime:0.000266s ]
INFO: [ template_filter ] --END-- [ RunTime:0.000346s ]
INFO: Run Behavior\ParseTemplateBehavior [ RunTime:0.010419s ]
INFO: [ view_parse ] --END-- [ RunTime:0.010498s ]
INFO: [ view_filter ] --START--
INFO: Run Behavior\WriteHtmlCacheBehavior [ RunTime:0.000614s ]
INFO: [ view_filter ] --END-- [ RunTime:0.000673s ]
INFO: [ app_end ] --START--
INFO: Run Behavior\ShowPageTraceBehavior [ RunTime:0.001059s ]
INFO: [ app_end ] --END-- [ RunTime:0.001149s ]

[ 2017-12-06T23:55:36+08:00 ] 127.0.0.1 /wShop/index.php/Home/Brand/brand
INFO: [ app_init ] --START--
INFO: Run Behavior\BuildLiteBehavior [ RunTime:0.000009s ]
INFO: [ app_init ] --END-- [ RunTime:0.000380s ]
INFO: [ app_begin ] --START--
INFO: Run Behavior\ReadHtmlCacheBehavior [ RunTime:0.000790s ]
INFO: [ app_begin ] --END-- [ RunTime:0.000837s ]
SQL: SHOW COLUMNS FROM `wshop_brand` [ RunTime:0.0007s ]
SQL: SELECT * FROM `wshop_brand` ORDER BY brand_title asc  [ RunTime:0.0007s ]
INFO: [ view_parse ] --START--
INFO: [ template_filter ] --START--
INFO: Run Behavior\ContentReplaceBehavior [ RunTime:0.000069s ]
INFO: [ template_filter ] --END-- [ RunTime:0.000110s ]
INFO: Run Behavior\ParseTemplateBehavior [ RunTime:0.007831s ]
INFO: [ view_parse ] --END-- [ RunTime:0.007901s ]
INFO: [ view_filter ] --START--
INFO: Run Behavior\WriteHtmlCacheBehavior [ RunTime:0.000633s ]
INFO: [ view_filter ] --END-- [ RunTime:0.000684s ]
INFO: [ app_end ] --START--
INFO: Run Behavior\ShowPageTraceBehavior [ RunTime:0.000675s ]
INFO: [ app_end ] --END-- [ RunTime:0.000746s ]

[ 2017-12-06T23:55:37+08:00 ] 127.0.0.1 /wShop/index.php/Home/Class/show/brand_id/32b4556c5e37cf50c2e21b3ae035889f
INFO: [ app_init ] --START--
INFO: Run Behavior\BuildLiteBehavior [ RunTime:0.000010s ]
INFO: [ app_init ] --END-- [ RunTime:0.000410s ]
INFO: [ app_begin ] --START--
INFO: Run Behavior\ReadHtmlCacheBehavior [ RunTime:0.000463s ]
INFO: [ app_begin ] --END-- [ RunTime:0.000497s ]
NOTIC: [2048] Declaration of Home\Controller\ClassController::show() should be compatible with Think\Controller::show($content, $charset = '', $contentType = '', $prefix = '') D:\database\Project\working\company\wShop\App\Home\Controller\ClassController.class.php 第 77 行.
SQL: SHOW COLUMNS FROM `wshop_goods` [ RunTime:0.0006s ]
SQL: SELECT * FROM `wshop_goods` WHERE `brand_id` = '32b4556c5e37cf50c2e21b3ae035889f' AND `is_show` = 1  [ RunTime:0.0004s ]
SQL: SHOW COLUMNS FROM `wshop_class` [ RunTime:0.0005s ]
SQL: SELECT * FROM `wshop_class` WHERE `brand_id` = '32b4556c5e37cf50c2e21b3ae035889f' AND `level` = 1  [ RunTime:0.0003s ]
SQL: SELECT * FROM `wshop_class` WHERE `brand_id` = '32b4556c5e37cf50c2e21b3ae035889f' AND `level` = 2  [ RunTime:0.0002s ]
INFO: [ view_parse ] --START--
INFO: [ template_filter ] --START--
INFO: Run Behavior\ContentReplaceBehavior [ RunTime:0.000115s ]
INFO: [ template_filter ] --END-- [ RunTime:0.000154s ]
INFO: Run Behavior\ParseTemplateBehavior [ RunTime:0.008974s ]
INFO: [ view_parse ] --END-- [ RunTime:0.009036s ]
INFO: [ view_filter ] --START--
INFO: Run Behavior\WriteHtmlCacheBehavior [ RunTime:0.000433s ]
INFO: [ view_filter ] --END-- [ RunTime:0.000475s ]
INFO: [ app_end ] --START--
INFO: Run Behavior\ShowPageTraceBehavior [ RunTime:0.000648s ]
INFO: [ app_end ] --END-- [ RunTime:0.000713s ]

[ 2017-12-06T23:55:59+08:00 ] 127.0.0.1 /wShop/index.php/Home/Class/show/brand_id/32b4556c5e37cf50c2e21b3ae035889f
INFO: [ app_init ] --START--
INFO: Run Behavior\BuildLiteBehavior [ RunTime:0.000011s ]
INFO: [ app_init ] --END-- [ RunTime:0.000378s ]
INFO: [ app_begin ] --START--
INFO: Run Behavior\ReadHtmlCacheBehavior [ RunTime:0.000497s ]
INFO: [ app_begin ] --END-- [ RunTime:0.000553s ]
NOTIC: [2048] Declaration of Home\Controller\ClassController::show() should be compatible with Think\Controller::show($content, $charset = '', $contentType = '', $prefix = '') D:\database\Project\working\company\wShop\App\Home\Controller\ClassController.class.php 第 77 行.
SQL: SHOW COLUMNS FROM `wshop_goods` [ RunTime:0.0009s ]
SQL: SELECT * FROM `wshop_goods` WHERE `brand_id` = '32b4556c5e37cf50c2e21b3ae035889f' AND `is_show` = 1  [ RunTime:0.0008s ]
SQL: SHOW COLUMNS FROM `wshop_class` [ RunTime:0.0007s ]
SQL: SELECT * FROM `wshop_class` WHERE `brand_id` = '32b4556c5e37cf50c2e21b3ae035889f' AND `level` = 1  [ RunTime:0.0005s ]
SQL: SELECT * FROM `wshop_class` WHERE `brand_id` = '32b4556c5e37cf50c2e21b3ae035889f' AND `level` = 2  [ RunTime:0.0005s ]
INFO: [ view_parse ] --START--
INFO: [ template_filter ] --START--
INFO: Run Behavior\ContentReplaceBehavior [ RunTime:0.000194s ]
INFO: [ template_filter ] --END-- [ RunTime:0.000317s ]
INFO: Run Behavior\ParseTemplateBehavior [ RunTime:0.013516s ]
INFO: [ view_parse ] --END-- [ RunTime:0.013586s ]
INFO: [ view_filter ] --START--
INFO: Run Behavior\WriteHtmlCacheBehavior [ RunTime:0.000621s ]
INFO: [ view_filter ] --END-- [ RunTime:0.000680s ]
INFO: [ app_end ] --START--
INFO: Run Behavior\ShowPageTraceBehavior [ RunTime:0.000857s ]
INFO: [ app_end ] --END-- [ RunTime:0.000914s ]

[ 2017-12-06T23:57:16+08:00 ] 127.0.0.1 /wShop/index.php/Home/Class/show/brand_id/32b4556c5e37cf50c2e21b3ae035889f
INFO: [ app_init ] --START--
INFO: Run Behavior\BuildLiteBehavior [ RunTime:0.000058s ]
INFO: [ app_init ] --END-- [ RunTime:0.001373s ]
INFO: [ app_begin ] --START--
INFO: Run Behavior\ReadHtmlCacheBehavior [ RunTime:0.000699s ]
INFO: [ app_begin ] --END-- [ RunTime:0.000754s ]
NOTIC: [2048] Declaration of Home\Controller\ClassController::show() should be compatible with Think\Controller::show($content, $charset = '', $contentType = '', $prefix = '') D:\database\Project\working\company\wShop\App\Home\Controller\ClassController.class.php 第 77 行.
SQL: SHOW COLUMNS FROM `wshop_goods` [ RunTime:0.0008s ]
SQL: SELECT * FROM `wshop_goods` WHERE `brand_id` = '32b4556c5e37cf50c2e21b3ae035889f' AND `is_show` = 1  [ RunTime:0.0006s ]
SQL: SHOW COLUMNS FROM `wshop_class` [ RunTime:0.0008s ]
SQL: SELECT * FROM `wshop_class` WHERE `brand_id` = '32b4556c5e37cf50c2e21b3ae035889f' AND `level` = 1  [ RunTime:0.0010s ]
SQL: SELECT * FROM `wshop_class` WHERE `brand_id` = '32b4556c5e37cf50c2e21b3ae035889f' AND `level` = 2  [ RunTime:0.0005s ]
INFO: [ view_parse ] --START--
INFO: [ template_filter ] --START--
INFO: Run Behavior\ContentReplaceBehavior [ RunTime:0.000127s ]
INFO: [ template_filter ] --END-- [ RunTime:0.000169s ]
NOTIC: [8] Undefined variable: brand_id D:\database\Project\working\company\wShop\App\Runtime\Cache\Home\dbf94006536089a4af615c1bb757c4fc.php 第 155 行.
INFO: Run Behavior\ParseTemplateBehavior [ RunTime:0.010016s ]
INFO: [ view_parse ] --END-- [ RunTime:0.010069s ]
INFO: [ view_filter ] --START--
INFO: Run Behavior\WriteHtmlCacheBehavior [ RunTime:0.000434s ]
INFO: [ view_filter ] --END-- [ RunTime:0.000460s ]
INFO: [ app_end ] --START--
INFO: Run Behavior\ShowPageTraceBehavior [ RunTime:0.000913s ]
INFO: [ app_end ] --END-- [ RunTime:0.000960s ]

[ 2017-12-06T23:57:53+08:00 ] 127.0.0.1 /wShop/index.php/Home/Class/show/brand_id/32b4556c5e37cf50c2e21b3ae035889f
INFO: [ app_init ] --START--
INFO: Run Behavior\BuildLiteBehavior [ RunTime:0.000013s ]
INFO: [ app_init ] --END-- [ RunTime:0.000394s ]
INFO: [ app_begin ] --START--
INFO: Run Behavior\ReadHtmlCacheBehavior [ RunTime:0.000496s ]
INFO: [ app_begin ] --END-- [ RunTime:0.000551s ]
NOTIC: [2048] Declaration of Home\Controller\ClassController::show() should be compatible with Think\Controller::show($content, $charset = '', $contentType = '', $prefix = '') D:\database\Project\working\company\wShop\App\Home\Controller\ClassController.class.php 第 77 行.
SQL: SHOW COLUMNS FROM `wshop_goods` [ RunTime:0.0007s ]
SQL: SELECT * FROM `wshop_goods` WHERE `brand_id` = '32b4556c5e37cf50c2e21b3ae035889f' AND `is_show` = 1  [ RunTime:0.0007s ]
SQL: SHOW COLUMNS FROM `wshop_class` [ RunTime:0.0007s ]
SQL: SELECT * FROM `wshop_class` WHERE `brand_id` = '32b4556c5e37cf50c2e21b3ae035889f' AND `level` = 1  [ RunTime:0.0004s ]
SQL: SELECT * FROM `wshop_class` WHERE `brand_id` = '32b4556c5e37cf50c2e21b3ae035889f' AND `level` = 2  [ RunTime:0.0003s ]
INFO: [ view_parse ] --START--
INFO: [ template_filter ] --START--
INFO: Run Behavior\ContentReplaceBehavior [ RunTime:0.000118s ]
INFO: [ template_filter ] --END-- [ RunTime:0.000175s ]
NOTIC: [8] Undefined variable: brand_id D:\database\Project\working\company\wShop\App\Runtime\Cache\Home\dbf94006536089a4af615c1bb757c4fc.php 第 144 行.
NOTIC: [8] Undefined variable: brand_id D:\database\Project\working\company\wShop\App\Runtime\Cache\Home\dbf94006536089a4af615c1bb757c4fc.php 第 144 行.
NOTIC: [8] Undefined variable: brand_id D:\database\Project\working\company\wShop\App\Runtime\Cache\Home\dbf94006536089a4af615c1bb757c4fc.php 第 155 行.
INFO: Run Behavior\ParseTemplateBehavior [ RunTime:0.012707s ]
INFO: [ view_parse ] --END-- [ RunTime:0.012747s ]
INFO: [ view_filter ] --START--
INFO: Run Behavior\WriteHtmlCacheBehavior [ RunTime:0.000372s ]
INFO: [ view_filter ] --END-- [ RunTime:0.000400s ]
INFO: [ app_end ] --START--
INFO: Run Behavior\ShowPageTraceBehavior [ RunTime:0.000666s ]
INFO: [ app_end ] --END-- [ RunTime:0.000726s ]

[ 2017-12-06T23:58:24+08:00 ] 127.0.0.1 /wShop/index.php/Home/Class/show/brand_id/32b4556c5e37cf50c2e21b3ae035889f
INFO: [ app_init ] --START--
INFO: Run Behavior\BuildLiteBehavior [ RunTime:0.000011s ]
INFO: [ app_init ] --END-- [ RunTime:0.000425s ]
INFO: [ app_begin ] --START--
INFO: Run Behavior\ReadHtmlCacheBehavior [ RunTime:0.000466s ]
INFO: [ app_begin ] --END-- [ RunTime:0.000551s ]
NOTIC: [2048] Declaration of Home\Controller\ClassController::show() should be compatible with Think\Controller::show($content, $charset = '', $contentType = '', $prefix = '') D:\database\Project\working\company\wShop\App\Home\Controller\ClassController.class.php 第 78 行.
SQL: SHOW COLUMNS FROM `wshop_goods` [ RunTime:0.0006s ]
SQL: SELECT * FROM `wshop_goods` WHERE `brand_id` = '32b4556c5e37cf50c2e21b3ae035889f' AND `is_show` = 1  [ RunTime:0.0004s ]
SQL: SHOW COLUMNS FROM `wshop_class` [ RunTime:0.0005s ]
SQL: SELECT * FROM `wshop_class` WHERE `brand_id` = '32b4556c5e37cf50c2e21b3ae035889f' AND `level` = 1  [ RunTime:0.0002s ]
SQL: SELECT * FROM `wshop_class` WHERE `brand_id` = '32b4556c5e37cf50c2e21b3ae035889f' AND `level` = 2  [ RunTime:0.0002s ]
INFO: [ view_parse ] --START--
INFO: [ template_filter ] --START--
INFO: Run Behavior\ContentReplaceBehavior [ RunTime:0.000114s ]
INFO: [ template_filter ] --END-- [ RunTime:0.000155s ]
INFO: Run Behavior\ParseTemplateBehavior [ RunTime:0.009126s ]
INFO: [ view_parse ] --END-- [ RunTime:0.009187s ]
INFO: [ view_filter ] --START--
INFO: Run Behavior\WriteHtmlCacheBehavior [ RunTime:0.000411s ]
INFO: [ view_filter ] --END-- [ RunTime:0.000446s ]
INFO: [ app_end ] --START--
INFO: Run Behavior\ShowPageTraceBehavior [ RunTime:0.000756s ]
INFO: [ app_end ] --END-- [ RunTime:0.000830s ]

[ 2017-12-06T23:59:33+08:00 ] 127.0.0.1 /wShop/index.php/Home/Class/show/brand_id/32b4556c5e37cf50c2e21b3ae035889f
INFO: [ app_init ] --START--
INFO: Run Behavior\BuildLiteBehavior [ RunTime:0.000021s ]
INFO: [ app_init ] --END-- [ RunTime:0.000877s ]
INFO: [ app_begin ] --START--
INFO: Run Behavior\ReadHtmlCacheBehavior [ RunTime:0.000646s ]
INFO: [ app_begin ] --END-- [ RunTime:0.000699s ]
NOTIC: [2048] Declaration of Home\Controller\ClassController::show() should be compatible with Think\Controller::show($content, $charset = '', $contentType = '', $prefix = '') D:\database\Project\working\company\wShop\App\Home\Controller\ClassController.class.php 第 86 行.
SQL: SHOW COLUMNS FROM `wshop_goods` [ RunTime:0.0007s ]
SQL: SELECT * FROM `wshop_goods` WHERE `brand_id` = '32b4556c5e37cf50c2e21b3ae035889f' AND `is_show` = 1  [ RunTime:0.0005s ]
SQL: SHOW COLUMNS FROM `wshop_class` [ RunTime:0.0006s ]
SQL: SELECT * FROM `wshop_class` WHERE `brand_id` = '32b4556c5e37cf50c2e21b3ae035889f' AND `level` = 1  [ RunTime:0.0010s ]
SQL: SELECT * FROM `wshop_class` WHERE `brand_id` = '32b4556c5e37cf50c2e21b3ae035889f' AND `level` = 2  [ RunTime:0.0009s ]
INFO: [ view_parse ] --START--
INFO: [ template_filter ] --START--
INFO: Run Behavior\ContentReplaceBehavior [ RunTime:0.000130s ]
INFO: [ template_filter ] --END-- [ RunTime:0.000181s ]
INFO: Run Behavior\ParseTemplateBehavior [ RunTime:0.010046s ]
INFO: [ view_parse ] --END-- [ RunTime:0.010116s ]
INFO: [ view_filter ] --START--
INFO: Run Behavior\WriteHtmlCacheBehavior [ RunTime:0.000552s ]
INFO: [ view_filter ] --END-- [ RunTime:0.000600s ]
INFO: [ app_end ] --START--
INFO: Run Behavior\ShowPageTraceBehavior [ RunTime:0.000954s ]
INFO: [ app_end ] --END-- [ RunTime:0.001040s ]

[ 2017-12-06T23:59:35+08:00 ] 127.0.0.1 /wShop/index.php/Home/Class/show/brand_id/32b4556c5e37cf50c2e21b3ae035889f/class_id/380a00ea1eead44203d4c26fdcca051b
INFO: [ app_init ] --START--
INFO: Run Behavior\BuildLiteBehavior [ RunTime:0.000012s ]
INFO: [ app_init ] --END-- [ RunTime:0.000545s ]
INFO: [ app_begin ] --START--
INFO: Run Behavior\ReadHtmlCacheBehavior [ RunTime:0.000498s ]
INFO: [ app_begin ] --END-- [ RunTime:0.000539s ]
NOTIC: [2048] Declaration of Home\Controller\ClassController::show() should be compatible with Think\Controller::show($content, $charset = '', $contentType = '', $prefix = '') D:\database\Project\working\company\wShop\App\Home\Controller\ClassController.class.php 第 86 行.
SQL: SHOW COLUMNS FROM `wshop_goods` [ RunTime:0.0006s ]
SQL: SELECT * FROM `wshop_goods` WHERE `brand_id` = '32b4556c5e37cf50c2e21b3ae035889f' AND `class_id_2` = '380a00ea1eead44203d4c26fdcca051b' AND `is_show` = 1  [ RunTime:0.0004s ]
SQL: SHOW COLUMNS FROM `wshop_class` [ RunTime:0.0005s ]
SQL: SELECT * FROM `wshop_class` WHERE `brand_id` = '32b4556c5e37cf50c2e21b3ae035889f' AND `level` = 1  [ RunTime:0.0003s ]
SQL: SELECT * FROM `wshop_class` WHERE `brand_id` = '32b4556c5e37cf50c2e21b3ae035889f' AND `level` = 2  [ RunTime:0.0002s ]
INFO: [ view_parse ] --START--
INFO: [ template_filter ] --START--
INFO: Run Behavior\ContentReplaceBehavior [ RunTime:0.000161s ]
INFO: [ template_filter ] --END-- [ RunTime:0.000224s ]
INFO: Run Behavior\ParseTemplateBehavior [ RunTime:0.010017s ]
INFO: [ view_parse ] --END-- [ RunTime:0.010092s ]
INFO: [ view_filter ] --START--
INFO: Run Behavior\WriteHtmlCacheBehavior [ RunTime:0.000506s ]
INFO: [ view_filter ] --END-- [ RunTime:0.000543s ]
INFO: [ app_end ] --START--
INFO: Run Behavior\ShowPageTraceBehavior [ RunTime:0.000507s ]
INFO: [ app_end ] --END-- [ RunTime:0.000536s ]

[ 2017-12-06T23:59:36+08:00 ] 127.0.0.1 /wShop/index.php/Home/Class/show/brand_id/32b4556c5e37cf50c2e21b3ae035889f/class_id/e9977bf32b6447cbd5002af7c4538db4
INFO: [ app_init ] --START--
INFO: Run Behavior\BuildLiteBehavior [ RunTime:0.000010s ]
INFO: [ app_init ] --END-- [ RunTime:0.000385s ]
INFO: [ app_begin ] --START--
INFO: Run Behavior\ReadHtmlCacheBehavior [ RunTime:0.000552s ]
INFO: [ app_begin ] --END-- [ RunTime:0.000589s ]
NOTIC: [2048] Declaration of Home\Controller\ClassController::show() should be compatible with Think\Controller::show($content, $charset = '', $contentType = '', $prefix = '') D:\database\Project\working\company\wShop\App\Home\Controller\ClassController.class.php 第 86 行.
SQL: SHOW COLUMNS FROM `wshop_goods` [ RunTime:0.0006s ]
SQL: SELECT * FROM `wshop_goods` WHERE `brand_id` = '32b4556c5e37cf50c2e21b3ae035889f' AND `class_id_2` = 'e9977bf32b6447cbd5002af7c4538db4' AND `is_show` = 1  [ RunTime:0.0004s ]
SQL: SHOW COLUMNS FROM `wshop_class` [ RunTime:0.0005s ]
SQL: SELECT * FROM `wshop_class` WHERE `brand_id` = '32b4556c5e37cf50c2e21b3ae035889f' AND `level` = 1  [ RunTime:0.0003s ]
SQL: SELECT * FROM `wshop_class` WHERE `brand_id` = '32b4556c5e37cf50c2e21b3ae035889f' AND `level` = 2  [ RunTime:0.0002s ]
INFO: [ view_parse ] --START--
INFO: [ template_filter ] --START--
INFO: Run Behavior\ContentReplaceBehavior [ RunTime:0.000109s ]
INFO: [ template_filter ] --END-- [ RunTime:0.000152s ]
INFO: Run Behavior\ParseTemplateBehavior [ RunTime:0.010021s ]
INFO: [ view_parse ] --END-- [ RunTime:0.010072s ]
INFO: [ view_filter ] --START--
INFO: Run Behavior\WriteHtmlCacheBehavior [ RunTime:0.000413s ]
INFO: [ view_filter ] --END-- [ RunTime:0.000445s ]
INFO: [ app_end ] --START--
INFO: Run Behavior\ShowPageTraceBehavior [ RunTime:0.000521s ]
INFO: [ app_end ] --END-- [ RunTime:0.000554s ]

[ 2017-12-06T23:59:39+08:00 ] 127.0.0.1 /wShop/index.php/Home/Class/show/brand_id/32b4556c5e37cf50c2e21b3ae035889f/class_id/0ffa25e26d728e8ccaabd69986275925
INFO: [ app_init ] --START--
INFO: Run Behavior\BuildLiteBehavior [ RunTime:0.000018s ]
INFO: [ app_init ] --END-- [ RunTime:0.000484s ]
INFO: [ app_begin ] --START--
INFO: Run Behavior\ReadHtmlCacheBehavior [ RunTime:0.000709s ]
INFO: [ app_begin ] --END-- [ RunTime:0.000791s ]
NOTIC: [2048] Declaration of Home\Controller\ClassController::show() should be compatible with Think\Controller::show($content, $charset = '', $contentType = '', $prefix = '') D:\database\Project\working\company\wShop\App\Home\Controller\ClassController.class.php 第 86 行.
SQL: SHOW COLUMNS FROM `wshop_goods` [ RunTime:0.0007s ]
SQL: SELECT * FROM `wshop_goods` WHERE `brand_id` = '32b4556c5e37cf50c2e21b3ae035889f' AND `class_id_2` = '0ffa25e26d728e8ccaabd69986275925' AND `is_show` = 1  [ RunTime:0.0005s ]
SQL: SHOW COLUMNS FROM `wshop_class` [ RunTime:0.0005s ]
SQL: SELECT * FROM `wshop_class` WHERE `brand_id` = '32b4556c5e37cf50c2e21b3ae035889f' AND `level` = 1  [ RunTime:0.0003s ]
SQL: SELECT * FROM `wshop_class` WHERE `brand_id` = '32b4556c5e37cf50c2e21b3ae035889f' AND `level` = 2  [ RunTime:0.0003s ]
INFO: [ view_parse ] --START--
INFO: [ template_filter ] --START--
INFO: Run Behavior\ContentReplaceBehavior [ RunTime:0.000276s ]
INFO: [ template_filter ] --END-- [ RunTime:0.000427s ]
INFO: Run Behavior\ParseTemplateBehavior [ RunTime:0.011643s ]
INFO: [ view_parse ] --END-- [ RunTime:0.011728s ]
INFO: [ view_filter ] --START--
INFO: Run Behavior\WriteHtmlCacheBehavior [ RunTime:0.000565s ]
INFO: [ view_filter ] --END-- [ RunTime:0.000610s ]
INFO: [ app_end ] --START--
INFO: Run Behavior\ShowPageTraceBehavior [ RunTime:0.000949s ]
INFO: [ app_end ] --END-- [ RunTime:0.001019s ]

[ 2017-12-06T23:59:41+08:00 ] 127.0.0.1 /wShop/index.php/Home/Class/show/brand_id/32b4556c5e37cf50c2e21b3ae035889f/class_id/e9977bf32b6447cbd5002af7c4538db4
INFO: [ app_init ] --START--
INFO: Run Behavior\BuildLiteBehavior [ RunTime:0.000020s ]
INFO: [ app_init ] --END-- [ RunTime:0.000729s ]
INFO: [ app_begin ] --START--
INFO: Run Behavior\ReadHtmlCacheBehavior [ RunTime:0.000839s ]
INFO: [ app_begin ] --END-- [ RunTime:0.000901s ]
NOTIC: [2048] Declaration of Home\Controller\ClassController::show() should be compatible with Think\Controller::show($content, $charset = '', $contentType = '', $prefix = '') D:\database\Project\working\company\wShop\App\Home\Controller\ClassController.class.php 第 86 行.
SQL: SHOW COLUMNS FROM `wshop_goods` [ RunTime:0.0006s ]
SQL: SELECT * FROM `wshop_goods` WHERE `brand_id` = '32b4556c5e37cf50c2e21b3ae035889f' AND `class_id_2` = 'e9977bf32b6447cbd5002af7c4538db4' AND `is_show` = 1  [ RunTime:0.0004s ]
SQL: SHOW COLUMNS FROM `wshop_class` [ RunTime:0.0005s ]
SQL: SELECT * FROM `wshop_class` WHERE `brand_id` = '32b4556c5e37cf50c2e21b3ae035889f' AND `level` = 1  [ RunTime:0.0003s ]
SQL: SELECT * FROM `wshop_class` WHERE `brand_id` = '32b4556c5e37cf50c2e21b3ae035889f' AND `level` = 2  [ RunTime:0.0002s ]
INFO: [ view_parse ] --START--
INFO: [ template_filter ] --START--
INFO: Run Behavior\ContentReplaceBehavior [ RunTime:0.000105s ]
INFO: [ template_filter ] --END-- [ RunTime:0.000155s ]
INFO: Run Behavior\ParseTemplateBehavior [ RunTime:0.009252s ]
INFO: [ view_parse ] --END-- [ RunTime:0.009309s ]
INFO: [ view_filter ] --START--
INFO: Run Behavior\WriteHtmlCacheBehavior [ RunTime:0.000522s ]
INFO: [ view_filter ] --END-- [ RunTime:0.000557s ]
INFO: [ app_end ] --START--
INFO: Run Behavior\ShowPageTraceBehavior [ RunTime:0.000622s ]
INFO: [ app_end ] --END-- [ RunTime:0.000665s ]

[ 2017-12-06T23:59:48+08:00 ] 127.0.0.1 /wShop/index.php/Home/Class/show/brand_id/32b4556c5e37cf50c2e21b3ae035889f/class_id/380a00ea1eead44203d4c26fdcca051b
INFO: [ app_init ] --START--
INFO: Run Behavior\BuildLiteBehavior [ RunTime:0.000009s ]
INFO: [ app_init ] --END-- [ RunTime:0.000387s ]
INFO: [ app_begin ] --START--
INFO: Run Behavior\ReadHtmlCacheBehavior [ RunTime:0.000443s ]
INFO: [ app_begin ] --END-- [ RunTime:0.000476s ]
NOTIC: [2048] Declaration of Home\Controller\ClassController::show() should be compatible with Think\Controller::show($content, $charset = '', $contentType = '', $prefix = '') D:\database\Project\working\company\wShop\App\Home\Controller\ClassController.class.php 第 86 行.
SQL: SHOW COLUMNS FROM `wshop_goods` [ RunTime:0.0006s ]
SQL: SELECT * FROM `wshop_goods` WHERE `brand_id` = '32b4556c5e37cf50c2e21b3ae035889f' AND `class_id_2` = '380a00ea1eead44203d4c26fdcca051b' AND `is_show` = 1  [ RunTime:0.0005s ]
SQL: SHOW COLUMNS FROM `wshop_class` [ RunTime:0.0011s ]
SQL: SELECT * FROM `wshop_class` WHERE `brand_id` = '32b4556c5e37cf50c2e21b3ae035889f' AND `level` = 1  [ RunTime:0.0003s ]
SQL: SELECT * FROM `wshop_class` WHERE `brand_id` = '32b4556c5e37cf50c2e21b3ae035889f' AND `level` = 2  [ RunTime:0.0003s ]
INFO: [ view_parse ] --START--
INFO: [ template_filter ] --START--
INFO: Run Behavior\ContentReplaceBehavior [ RunTime:0.000104s ]
INFO: [ template_filter ] --END-- [ RunTime:0.000144s ]
INFO: Run Behavior\ParseTemplateBehavior [ RunTime:0.010594s ]
INFO: [ view_parse ] --END-- [ RunTime:0.010659s ]
INFO: [ view_filter ] --START--
INFO: Run Behavior\WriteHtmlCacheBehavior [ RunTime:0.000387s ]
INFO: [ view_filter ] --END-- [ RunTime:0.000420s ]
INFO: [ app_end ] --START--
INFO: Run Behavior\ShowPageTraceBehavior [ RunTime:0.000496s ]
INFO: [ app_end ] --END-- [ RunTime:0.000526s ]

